2025-07-14 21:30:55.523 [main] INFO  org.dmsextension.paperless.client.PaperlessClient$Builder - Missing values for building paperless client
2025-07-14 21:31:05.051 [main] DEBUG org.dmsextension.paperless.client.PaperlessClient - Uploading file C:\Users\gerri\Desktop\King of Ordners\2024_Ausbildungszeugnis.pdf to paperless
2025-07-14 21:31:20.575 [main] DEBUG org.dmsextension.paperless.client.PaperlessClient - Built endpoint and template
2025-07-14 21:31:38.571 [main] INFO  org.dmsextension.paperless.client.endpoints.DocumentUploadEndpoint - Invalid configuration given. Body is of type class org.dmsextension.paperless.client.templates.TDocumentUpload, needed class org.dmsextension.paperless.client.templates.TDocumentUpload
2025-07-14 21:32:28.883 [main] INFO  org.dmsextension.paperless.client.PaperlessClient$Builder - Missing values for building paperless client
2025-07-14 21:32:30.983 [main] DEBUG org.dmsextension.paperless.client.PaperlessClient - Uploading file C:\Users\gerri\Desktop\King of Ordners\2024_Ausbildungszeugnis.pdf to paperless
2025-07-14 21:32:31.018 [main] DEBUG org.dmsextension.paperless.client.PaperlessClient - Built endpoint and template
2025-07-14 21:33:12.521 [main] DEBUG org.dmsextension.paperless.client.PaperlessClient - Built request, executing
2025-07-14 21:33:15.910 [main] INFO  org.dmsextension.paperless.client.PaperlessInterceptor - Could not get api token
2025-07-14 21:33:15.912 [main] INFO  org.dmsextension.paperless.client.PaperlessInterceptor - Exception in api call: java.io.IOException: API token not fetched
2025-07-14 21:33:41.777 [main] INFO  org.dmsextension.paperless.client.PaperlessClient - Exception occurred while executing request: java.io.IOException: API token not fetched
2025-07-14 21:33:48.301 [main] INFO  org.dmsextension.paperless.client.PaperlessClient$Builder - Missing values for building paperless client
2025-07-14 21:33:53.082 [main] DEBUG org.dmsextension.paperless.client.PaperlessClient - Uploading file C:\Users\gerri\Desktop\King of Ordners\2024_Ausbildungszeugnis.pdf to paperless
2025-07-14 21:33:53.105 [main] DEBUG org.dmsextension.paperless.client.PaperlessClient - Built endpoint and template
2025-07-14 21:33:54.196 [main] DEBUG org.dmsextension.paperless.client.PaperlessClient - Built request, executing
2025-07-14 21:34:07.260 [main] DEBUG org.dmsextension.paperless.client.PaperlessInterceptor - Request successful, getting token for user sysuser
2025-07-14 21:35:24.249 [main] DEBUG org.dmsextension.paperless.client.PaperlessClient - Request successful, uploaded document
2025-07-14 21:35:47.554 [main] INFO  org.dmsextension.paperless.client.PaperlessClient$Builder - Missing values for building paperless client
2025-07-14 21:35:49.252 [main] DEBUG org.dmsextension.paperless.client.PaperlessClient - Uploading file C:\Users\gerri\Desktop\King of Ordners\2024_Ausbildungszeugnis.pdf to paperless
2025-07-14 21:35:49.276 [main] DEBUG org.dmsextension.paperless.client.PaperlessClient - Built endpoint and template
2025-07-14 21:35:50.135 [main] DEBUG org.dmsextension.paperless.client.PaperlessClient - Built request, executing
2025-07-14 21:35:51.721 [main] DEBUG org.dmsextension.paperless.client.PaperlessInterceptor - Request successful, getting token for user sysuser
2025-07-14 21:35:52.780 [main] DEBUG org.dmsextension.paperless.client.PaperlessClient - Request successful, uploaded document
2025-07-14 21:46:46.967 [main] INFO  org.dmsextension.paperless.client.PaperlessClient$Builder - Missing values for building paperless client
2025-07-14 21:46:47.399 [main] DEBUG org.dmsextension.paperless.client.PaperlessClient - Uploading file C:\Users\gerri\Desktop\King of Ordners\2024_Ausbildungszeugnis.pdf to paperless
2025-07-14 21:46:47.427 [main] DEBUG org.dmsextension.paperless.client.PaperlessClient - Built endpoint and template
2025-07-14 21:46:47.487 [main] DEBUG org.dmsextension.paperless.client.PaperlessClient - Built request, executing
2025-07-14 21:46:48.417 [main] DEBUG org.dmsextension.paperless.client.PaperlessInterceptor - Request successful, getting token for user sysuser
2025-07-14 21:46:48.557 [main] DEBUG org.dmsextension.paperless.client.PaperlessClient - Request successful, uploaded document, guid: "e1349069-420b-41b3-8366-1a3b4046a469"
