2025-07-19 15:24:05.281 [main] DEBUG org.dmsextension.paperless.client.PaperlessClient$Builder - No url set, trying to build url with protocol, host and port
2025-07-19 15:24:05.289 [main] DEBUG org.dmsextension.paperless.client.PaperlessClient$Builder - Built url: http://ilostthegame:8000/api/
2025-07-19 15:24:05.964 [main] DEBUG org.dmsextension.paperless.client.PaperlessClient - Calling api with given endpoint and body
2025-07-19 15:24:06.994 [main] DEBUG org.dmsextension.paperless.client.PaperlessInterceptor - Request successful, getting token for user sysuser
2025-07-19 15:24:07.257 [main] DEBUG org.dmsextension.paperless.client.PaperlessClient - Api call successful, parsing response
2025-07-19 15:24:07.302 [main] DEBUG org.dmsextension.paperless.client.PaperlessClient$Builder - No url set, trying to build url with protocol, host and port
2025-07-19 15:24:07.302 [main] DEBUG org.dmsextension.paperless.client.PaperlessClient$Builder - Built url: http://ilostthegame:8000/api/
2025-07-19 15:24:07.350 [main] DEBUG org.dmsextension.paperless.client.PaperlessClient - Calling api with given endpoint and body
2025-07-19 15:24:07.363 [main] DEBUG com.github.jknack.handlebars.internal.HbsParserFactory - About to parse: inline@26d838bc
2025-07-19 15:24:07.438 [main] DEBUG com.github.jknack.handlebars.internal.HbsParserFactory - Building AST
2025-07-19 15:24:07.451 [main] DEBUG com.github.jknack.handlebars.internal.HbsParserFactory - Creating templates
2025-07-19 15:24:07.471 [main] INFO  org.dmsextension.paperless.client.endpoints.PaperlessEndpoint - No query given to this endpoint
2025-07-19 15:24:07.597 [main] DEBUG org.dmsextension.paperless.client.PaperlessClient - Api call successful, parsing response
2025-07-19 15:24:07.597 [main] DEBUG org.dmsextension.paperless.client.endpoints.DocumentDownloadEndpoint - Parsing reponse
2025-07-19 15:24:07.607 [main] DEBUG org.dmsextension.paperless.client.endpoints.DocumentDownloadEndpoint - Extracting file from input stream
2025-07-19 15:24:07.659 [main] DEBUG org.dmsextension.paperless.client.endpoints.DocumentDownloadEndpoint - File extracted
2025-07-19 15:24:07.663 [main] DEBUG org.dmsextension.paperless.client.PaperlessClient$Builder - No url set, trying to build url with protocol, host and port
2025-07-19 15:24:07.663 [main] DEBUG org.dmsextension.paperless.client.PaperlessClient$Builder - Built url: http://ilostthegame:8000/api/
2025-07-19 15:24:07.668 [main] DEBUG org.dmsextension.paperless.client.PaperlessClient - Calling api with given endpoint and body
2025-07-19 15:24:18.755 [main] DEBUG org.dmsextension.paperless.client.PaperlessClient$Builder - No url set, trying to build url with protocol, host and port
2025-07-19 15:24:18.760 [main] DEBUG org.dmsextension.paperless.client.PaperlessClient$Builder - Built url: http://ilostthegame:8000/api/
2025-07-19 15:24:19.248 [main] DEBUG org.dmsextension.paperless.client.PaperlessClient - Calling api with given endpoint and body
2025-07-19 15:24:20.016 [main] DEBUG org.dmsextension.paperless.client.PaperlessInterceptor - Request successful, getting token for user sysuser
2025-07-19 15:24:20.200 [main] DEBUG org.dmsextension.paperless.client.PaperlessClient - Api call successful, parsing response
2025-07-19 15:24:20.253 [main] DEBUG org.dmsextension.paperless.client.PaperlessClient$Builder - No url set, trying to build url with protocol, host and port
2025-07-19 15:24:20.253 [main] DEBUG org.dmsextension.paperless.client.PaperlessClient$Builder - Built url: http://ilostthegame:8000/api/
2025-07-19 15:24:20.294 [main] DEBUG org.dmsextension.paperless.client.PaperlessClient - Calling api with given endpoint and body
2025-07-19 15:24:20.306 [main] DEBUG com.github.jknack.handlebars.internal.HbsParserFactory - About to parse: inline@26d838bc
2025-07-19 15:24:20.379 [main] DEBUG com.github.jknack.handlebars.internal.HbsParserFactory - Building AST
2025-07-19 15:24:20.396 [main] DEBUG com.github.jknack.handlebars.internal.HbsParserFactory - Creating templates
2025-07-19 15:24:20.414 [main] INFO  org.dmsextension.paperless.client.endpoints.PaperlessEndpoint - No query given to this endpoint
2025-07-19 15:24:20.522 [main] DEBUG org.dmsextension.paperless.client.PaperlessClient - Api call successful, parsing response
2025-07-19 15:24:20.522 [main] DEBUG org.dmsextension.paperless.client.endpoints.DocumentDownloadEndpoint - Parsing reponse
2025-07-19 15:24:20.529 [main] DEBUG org.dmsextension.paperless.client.endpoints.DocumentDownloadEndpoint - Extracting file from input stream
2025-07-19 15:24:20.573 [main] DEBUG org.dmsextension.paperless.client.endpoints.DocumentDownloadEndpoint - File extracted
2025-07-19 15:24:20.577 [main] DEBUG org.dmsextension.paperless.client.PaperlessClient$Builder - No url set, trying to build url with protocol, host and port
2025-07-19 15:24:20.577 [main] DEBUG org.dmsextension.paperless.client.PaperlessClient$Builder - Built url: http://ilostthegame:8000/api/
2025-07-19 15:24:20.582 [main] DEBUG org.dmsextension.paperless.client.PaperlessClient - Calling api with given endpoint and body
2025-07-19 15:24:42.906 [main] DEBUG org.dmsextension.paperless.client.PaperlessClient$Builder - No url set, trying to build url with protocol, host and port
2025-07-19 15:24:42.911 [main] DEBUG org.dmsextension.paperless.client.PaperlessClient$Builder - Built url: http://ilostthegame:8000/api/
2025-07-19 15:24:43.421 [main] DEBUG org.dmsextension.paperless.client.PaperlessClient - Calling api with given endpoint and body
2025-07-19 15:24:44.223 [main] DEBUG org.dmsextension.paperless.client.PaperlessInterceptor - Request successful, getting token for user sysuser
2025-07-19 15:24:44.396 [main] DEBUG org.dmsextension.paperless.client.PaperlessClient - Api call successful, parsing response
2025-07-19 15:24:44.451 [main] DEBUG org.dmsextension.paperless.client.PaperlessClient$Builder - No url set, trying to build url with protocol, host and port
2025-07-19 15:24:44.451 [main] DEBUG org.dmsextension.paperless.client.PaperlessClient$Builder - Built url: http://ilostthegame:8000/api/
2025-07-19 15:24:44.486 [main] DEBUG org.dmsextension.paperless.client.PaperlessClient - Calling api with given endpoint and body
2025-07-19 15:24:44.493 [main] DEBUG com.github.jknack.handlebars.internal.HbsParserFactory - About to parse: inline@26d838bc
2025-07-19 15:24:44.570 [main] DEBUG com.github.jknack.handlebars.internal.HbsParserFactory - Building AST
2025-07-19 15:24:44.583 [main] DEBUG com.github.jknack.handlebars.internal.HbsParserFactory - Creating templates
2025-07-19 15:24:44.604 [main] INFO  org.dmsextension.paperless.client.endpoints.PaperlessEndpoint - No query given to this endpoint
2025-07-19 15:24:44.742 [main] DEBUG org.dmsextension.paperless.client.PaperlessClient - Api call successful, parsing response
2025-07-19 15:24:44.743 [main] DEBUG org.dmsextension.paperless.client.endpoints.DocumentDownloadEndpoint - Parsing reponse
2025-07-19 15:24:44.751 [main] DEBUG org.dmsextension.paperless.client.endpoints.DocumentDownloadEndpoint - Extracting file from input stream
2025-07-19 15:24:44.811 [main] DEBUG org.dmsextension.paperless.client.endpoints.DocumentDownloadEndpoint - File extracted
2025-07-19 15:24:44.819 [main] DEBUG org.dmsextension.paperless.client.PaperlessClient$Builder - No url set, trying to build url with protocol, host and port
2025-07-19 15:24:44.819 [main] DEBUG org.dmsextension.paperless.client.PaperlessClient$Builder - Built url: http://ilostthegame:8000/api/
2025-07-19 15:24:44.829 [main] DEBUG org.dmsextension.paperless.client.PaperlessClient - Calling api with given endpoint and body
2025-07-19 15:25:01.084 [main] DEBUG org.dmsextension.paperless.client.PaperlessClient$Builder - No url set, trying to build url with protocol, host and port
2025-07-19 15:25:01.093 [main] DEBUG org.dmsextension.paperless.client.PaperlessClient$Builder - Built url: http://ilostthegame:8000/api/
2025-07-19 15:25:01.712 [main] DEBUG org.dmsextension.paperless.client.PaperlessClient - Calling api with given endpoint and body
2025-07-19 15:25:02.625 [main] DEBUG org.dmsextension.paperless.client.PaperlessInterceptor - Request successful, getting token for user sysuser
2025-07-19 15:25:02.822 [main] DEBUG org.dmsextension.paperless.client.PaperlessClient - Api call successful, parsing response
2025-07-19 15:25:02.897 [main] DEBUG org.dmsextension.paperless.client.PaperlessClient$Builder - No url set, trying to build url with protocol, host and port
2025-07-19 15:25:02.897 [main] DEBUG org.dmsextension.paperless.client.PaperlessClient$Builder - Built url: http://ilostthegame:8000/api/
2025-07-19 15:25:02.960 [main] DEBUG org.dmsextension.paperless.client.PaperlessClient - Calling api with given endpoint and body
2025-07-19 15:25:02.986 [main] DEBUG com.github.jknack.handlebars.internal.HbsParserFactory - About to parse: inline@26d838bc
2025-07-19 15:25:03.089 [main] DEBUG com.github.jknack.handlebars.internal.HbsParserFactory - Building AST
2025-07-19 15:25:03.112 [main] DEBUG com.github.jknack.handlebars.internal.HbsParserFactory - Creating templates
2025-07-19 15:25:03.145 [main] INFO  org.dmsextension.paperless.client.endpoints.PaperlessEndpoint - No query given to this endpoint
2025-07-19 15:25:03.281 [main] DEBUG org.dmsextension.paperless.client.PaperlessClient - Api call successful, parsing response
2025-07-19 15:25:03.282 [main] DEBUG org.dmsextension.paperless.client.endpoints.DocumentDownloadEndpoint - Parsing reponse
2025-07-19 15:25:03.293 [main] DEBUG org.dmsextension.paperless.client.endpoints.DocumentDownloadEndpoint - Extracting file from input stream
2025-07-19 15:25:03.346 [main] DEBUG org.dmsextension.paperless.client.endpoints.DocumentDownloadEndpoint - File extracted
2025-07-19 15:25:03.351 [main] DEBUG org.dmsextension.paperless.client.PaperlessClient$Builder - No url set, trying to build url with protocol, host and port
2025-07-19 15:25:03.351 [main] DEBUG org.dmsextension.paperless.client.PaperlessClient$Builder - Built url: http://ilostthegame:8000/api/
2025-07-19 15:25:08.218 [main] DEBUG org.dmsextension.paperless.client.PaperlessClient - Calling api with given endpoint and body
2025-07-19 15:25:22.381 [main] DEBUG org.dmsextension.paperless.client.PaperlessClient$Builder - No url set, trying to build url with protocol, host and port
2025-07-19 15:25:22.387 [main] DEBUG org.dmsextension.paperless.client.PaperlessClient$Builder - Built url: http://ilostthegame:8000/api/
2025-07-19 15:25:22.933 [main] DEBUG org.dmsextension.paperless.client.PaperlessClient - Calling api with given endpoint and body
2025-07-19 15:25:23.792 [main] DEBUG org.dmsextension.paperless.client.PaperlessInterceptor - Request successful, getting token for user sysuser
2025-07-19 15:25:23.996 [main] DEBUG org.dmsextension.paperless.client.PaperlessClient - Api call successful, parsing response
2025-07-19 15:25:24.052 [main] DEBUG org.dmsextension.paperless.client.PaperlessClient$Builder - No url set, trying to build url with protocol, host and port
2025-07-19 15:25:24.052 [main] DEBUG org.dmsextension.paperless.client.PaperlessClient$Builder - Built url: http://ilostthegame:8000/api/
2025-07-19 15:25:24.089 [main] DEBUG org.dmsextension.paperless.client.PaperlessClient - Calling api with given endpoint and body
2025-07-19 15:25:24.097 [main] DEBUG com.github.jknack.handlebars.internal.HbsParserFactory - About to parse: inline@26d838bc
2025-07-19 15:25:24.163 [main] DEBUG com.github.jknack.handlebars.internal.HbsParserFactory - Building AST
2025-07-19 15:25:24.175 [main] DEBUG com.github.jknack.handlebars.internal.HbsParserFactory - Creating templates
2025-07-19 15:25:24.193 [main] INFO  org.dmsextension.paperless.client.endpoints.PaperlessEndpoint - No query given to this endpoint
2025-07-19 15:25:24.296 [main] DEBUG org.dmsextension.paperless.client.PaperlessClient - Api call successful, parsing response
2025-07-19 15:25:24.296 [main] DEBUG org.dmsextension.paperless.client.endpoints.DocumentDownloadEndpoint - Parsing reponse
2025-07-19 15:25:24.302 [main] DEBUG org.dmsextension.paperless.client.endpoints.DocumentDownloadEndpoint - Extracting file from input stream
2025-07-19 15:25:24.357 [main] DEBUG org.dmsextension.paperless.client.endpoints.DocumentDownloadEndpoint - File extracted
2025-07-19 15:25:24.360 [main] DEBUG org.dmsextension.paperless.client.PaperlessClient$Builder - No url set, trying to build url with protocol, host and port
2025-07-19 15:25:24.361 [main] DEBUG org.dmsextension.paperless.client.PaperlessClient$Builder - Built url: http://ilostthegame:8000/api/
2025-07-19 15:25:24.364 [main] DEBUG org.dmsextension.paperless.client.PaperlessClient - Calling api with given endpoint and body
2025-07-19 15:25:24.365 [main] DEBUG com.github.jknack.handlebars.internal.HbsParserFactory - About to parse: inline@44992cc3
2025-07-19 15:25:24.365 [main] DEBUG com.github.jknack.handlebars.internal.HbsParserFactory - Building AST
2025-07-19 15:25:24.366 [main] DEBUG com.github.jknack.handlebars.internal.HbsParserFactory - Creating templates
2025-07-19 15:25:24.366 [main] INFO  org.dmsextension.paperless.client.endpoints.PaperlessEndpoint - No query given to this endpoint
2025-07-19 15:25:24.443 [main] DEBUG org.dmsextension.paperless.client.PaperlessClient - Api call successful, parsing response
2025-07-19 15:26:35.566 [main] DEBUG org.dmsextension.paperless.client.PaperlessClient$Builder - No url set, trying to build url with protocol, host and port
2025-07-19 15:26:35.576 [main] DEBUG org.dmsextension.paperless.client.PaperlessClient$Builder - Built url: http://ilostthegame:8000/api/
2025-07-19 15:26:36.163 [main] DEBUG org.dmsextension.paperless.client.PaperlessClient - Calling api with given endpoint and body
2025-07-19 15:26:37.003 [main] DEBUG org.dmsextension.paperless.client.PaperlessInterceptor - Request successful, getting token for user sysuser
2025-07-19 15:26:37.188 [main] DEBUG org.dmsextension.paperless.client.PaperlessClient - Api call successful, parsing response
2025-07-19 15:26:37.235 [main] DEBUG org.dmsextension.paperless.client.PaperlessClient$Builder - No url set, trying to build url with protocol, host and port
2025-07-19 15:26:37.235 [main] DEBUG org.dmsextension.paperless.client.PaperlessClient$Builder - Built url: http://ilostthegame:8000/api/
2025-07-19 15:26:37.274 [main] DEBUG org.dmsextension.paperless.client.PaperlessClient - Calling api with given endpoint and body
2025-07-19 15:26:37.282 [main] DEBUG com.github.jknack.handlebars.internal.HbsParserFactory - About to parse: inline@26d838bc
2025-07-19 15:26:37.362 [main] DEBUG com.github.jknack.handlebars.internal.HbsParserFactory - Building AST
2025-07-19 15:26:37.378 [main] DEBUG com.github.jknack.handlebars.internal.HbsParserFactory - Creating templates
2025-07-19 15:26:37.397 [main] INFO  org.dmsextension.paperless.client.endpoints.PaperlessEndpoint - No query given to this endpoint
2025-07-19 15:26:37.522 [main] DEBUG org.dmsextension.paperless.client.PaperlessClient - Api call successful, parsing response
2025-07-19 15:26:37.522 [main] DEBUG org.dmsextension.paperless.client.endpoints.DocumentDownloadEndpoint - Parsing reponse
2025-07-19 15:26:37.530 [main] DEBUG org.dmsextension.paperless.client.endpoints.DocumentDownloadEndpoint - Extracting file from input stream
2025-07-19 15:26:37.583 [main] DEBUG org.dmsextension.paperless.client.endpoints.DocumentDownloadEndpoint - File extracted
2025-07-19 15:26:37.588 [main] DEBUG org.dmsextension.paperless.client.PaperlessClient$Builder - No url set, trying to build url with protocol, host and port
2025-07-19 15:26:37.588 [main] DEBUG org.dmsextension.paperless.client.PaperlessClient$Builder - Built url: http://ilostthegame:8000/api/
2025-07-19 15:26:37.593 [main] DEBUG org.dmsextension.paperless.client.PaperlessClient - Calling api with given endpoint and body
2025-07-19 15:26:37.594 [main] DEBUG com.github.jknack.handlebars.internal.HbsParserFactory - About to parse: inline@44992cc3
2025-07-19 15:26:37.594 [main] DEBUG com.github.jknack.handlebars.internal.HbsParserFactory - Building AST
2025-07-19 15:26:37.595 [main] DEBUG com.github.jknack.handlebars.internal.HbsParserFactory - Creating templates
2025-07-19 15:26:37.595 [main] INFO  org.dmsextension.paperless.client.endpoints.PaperlessEndpoint - No query given to this endpoint
2025-07-19 15:26:37.674 [main] DEBUG org.dmsextension.paperless.client.PaperlessClient - Api call successful, parsing response
2025-07-19 15:26:54.782 [main] DEBUG org.dmsextension.paperless.client.PaperlessClient$Builder - No url set, trying to build url with protocol, host and port
2025-07-19 15:26:54.786 [main] DEBUG org.dmsextension.paperless.client.PaperlessClient$Builder - Built url: http://ilostthegame:8000/api/
2025-07-19 15:26:55.383 [main] DEBUG org.dmsextension.paperless.client.PaperlessClient - Calling api with given endpoint and body
2025-07-19 15:26:56.279 [main] DEBUG org.dmsextension.paperless.client.PaperlessInterceptor - Request successful, getting token for user sysuser
2025-07-19 15:26:56.450 [main] DEBUG org.dmsextension.paperless.client.PaperlessClient - Api call successful, parsing response
2025-07-19 15:26:56.509 [main] DEBUG org.dmsextension.paperless.client.PaperlessClient$Builder - No url set, trying to build url with protocol, host and port
2025-07-19 15:26:56.509 [main] DEBUG org.dmsextension.paperless.client.PaperlessClient$Builder - Built url: http://ilostthegame:8000/api/
2025-07-19 15:26:56.551 [main] DEBUG org.dmsextension.paperless.client.PaperlessClient - Calling api with given endpoint and body
2025-07-19 15:26:56.566 [main] DEBUG com.github.jknack.handlebars.internal.HbsParserFactory - About to parse: inline@26d838bc
2025-07-19 15:26:56.645 [main] DEBUG com.github.jknack.handlebars.internal.HbsParserFactory - Building AST
2025-07-19 15:26:56.660 [main] DEBUG com.github.jknack.handlebars.internal.HbsParserFactory - Creating templates
2025-07-19 15:26:56.681 [main] INFO  org.dmsextension.paperless.client.endpoints.PaperlessEndpoint - No query given to this endpoint
2025-07-19 15:26:56.793 [main] DEBUG org.dmsextension.paperless.client.PaperlessClient - Api call successful, parsing response
2025-07-19 15:26:56.793 [main] DEBUG org.dmsextension.paperless.client.endpoints.DocumentDownloadEndpoint - Parsing reponse
2025-07-19 15:26:56.801 [main] DEBUG org.dmsextension.paperless.client.endpoints.DocumentDownloadEndpoint - Extracting file from input stream
2025-07-19 15:26:56.853 [main] DEBUG org.dmsextension.paperless.client.endpoints.DocumentDownloadEndpoint - File extracted
2025-07-19 15:26:56.857 [main] DEBUG org.dmsextension.paperless.client.PaperlessClient$Builder - No url set, trying to build url with protocol, host and port
2025-07-19 15:26:56.857 [main] DEBUG org.dmsextension.paperless.client.PaperlessClient$Builder - Built url: http://ilostthegame:8000/api/
2025-07-19 15:26:56.860 [main] DEBUG org.dmsextension.paperless.client.PaperlessClient - Calling api with given endpoint and body
2025-07-19 15:26:56.861 [main] DEBUG com.github.jknack.handlebars.internal.HbsParserFactory - About to parse: inline@44992cc3
2025-07-19 15:26:56.861 [main] DEBUG com.github.jknack.handlebars.internal.HbsParserFactory - Building AST
2025-07-19 15:26:56.862 [main] DEBUG com.github.jknack.handlebars.internal.HbsParserFactory - Creating templates
2025-07-19 15:26:56.863 [main] INFO  org.dmsextension.paperless.client.endpoints.PaperlessEndpoint - No query given to this endpoint
2025-07-19 15:26:56.937 [main] DEBUG org.dmsextension.paperless.client.PaperlessClient - Api call successful, parsing response
2025-07-19 15:27:09.992 [main] DEBUG org.dmsextension.paperless.client.PaperlessClient$Builder - No url set, trying to build url with protocol, host and port
2025-07-19 15:27:10.000 [main] DEBUG org.dmsextension.paperless.client.PaperlessClient$Builder - Built url: http://ilostthegame:8000/api/
2025-07-19 15:27:10.579 [main] DEBUG org.dmsextension.paperless.client.PaperlessClient - Calling api with given endpoint and body
2025-07-19 15:27:11.422 [main] DEBUG org.dmsextension.paperless.client.PaperlessInterceptor - Request successful, getting token for user sysuser
2025-07-19 15:27:11.595 [main] DEBUG org.dmsextension.paperless.client.PaperlessClient - Api call successful, parsing response
2025-07-19 15:27:11.654 [main] DEBUG org.dmsextension.paperless.client.PaperlessClient$Builder - No url set, trying to build url with protocol, host and port
2025-07-19 15:27:11.655 [main] DEBUG org.dmsextension.paperless.client.PaperlessClient$Builder - Built url: http://ilostthegame:8000/api/
2025-07-19 15:27:11.698 [main] DEBUG org.dmsextension.paperless.client.PaperlessClient - Calling api with given endpoint and body
2025-07-19 15:27:11.713 [main] DEBUG com.github.jknack.handlebars.internal.HbsParserFactory - About to parse: inline@26d838bc
2025-07-19 15:27:11.795 [main] DEBUG com.github.jknack.handlebars.internal.HbsParserFactory - Building AST
2025-07-19 15:27:11.814 [main] DEBUG com.github.jknack.handlebars.internal.HbsParserFactory - Creating templates
2025-07-19 15:27:11.840 [main] INFO  org.dmsextension.paperless.client.endpoints.PaperlessEndpoint - No query given to this endpoint
2025-07-19 15:27:11.963 [main] DEBUG org.dmsextension.paperless.client.PaperlessClient - Api call successful, parsing response
2025-07-19 15:27:11.964 [main] DEBUG org.dmsextension.paperless.client.endpoints.DocumentDownloadEndpoint - Parsing reponse
2025-07-19 15:27:11.973 [main] DEBUG org.dmsextension.paperless.client.endpoints.DocumentDownloadEndpoint - Extracting file from input stream
2025-07-19 15:27:12.025 [main] DEBUG org.dmsextension.paperless.client.endpoints.DocumentDownloadEndpoint - File extracted
2025-07-19 15:27:12.029 [main] DEBUG org.dmsextension.paperless.client.PaperlessClient$Builder - No url set, trying to build url with protocol, host and port
2025-07-19 15:27:12.029 [main] DEBUG org.dmsextension.paperless.client.PaperlessClient$Builder - Built url: http://ilostthegame:8000/api/
2025-07-19 15:27:12.033 [main] DEBUG org.dmsextension.paperless.client.PaperlessClient - Calling api with given endpoint and body
2025-07-19 15:27:12.034 [main] DEBUG com.github.jknack.handlebars.internal.HbsParserFactory - About to parse: inline@44992cc3
2025-07-19 15:27:12.034 [main] DEBUG com.github.jknack.handlebars.internal.HbsParserFactory - Building AST
2025-07-19 15:27:12.036 [main] DEBUG com.github.jknack.handlebars.internal.HbsParserFactory - Creating templates
2025-07-19 15:27:12.036 [main] INFO  org.dmsextension.paperless.client.endpoints.PaperlessEndpoint - No query given to this endpoint
2025-07-19 15:27:12.128 [main] DEBUG org.dmsextension.paperless.client.PaperlessClient - Api call successful, parsing response
2025-07-19 15:27:20.451 [main] DEBUG org.dmsextension.paperless.client.PaperlessClient$Builder - No url set, trying to build url with protocol, host and port
2025-07-19 15:27:20.458 [main] DEBUG org.dmsextension.paperless.client.PaperlessClient$Builder - Built url: http://ilostthegame:8000/api/
2025-07-19 15:27:21.037 [main] DEBUG org.dmsextension.paperless.client.PaperlessClient - Calling api with given endpoint and body
2025-07-19 15:27:21.925 [main] DEBUG org.dmsextension.paperless.client.PaperlessInterceptor - Request successful, getting token for user sysuser
2025-07-19 15:27:22.114 [main] DEBUG org.dmsextension.paperless.client.PaperlessClient - Api call successful, parsing response
2025-07-19 15:27:22.168 [main] DEBUG org.dmsextension.paperless.client.PaperlessClient$Builder - No url set, trying to build url with protocol, host and port
2025-07-19 15:27:22.169 [main] DEBUG org.dmsextension.paperless.client.PaperlessClient$Builder - Built url: http://ilostthegame:8000/api/
2025-07-19 15:27:22.212 [main] DEBUG org.dmsextension.paperless.client.PaperlessClient - Calling api with given endpoint and body
2025-07-19 15:27:22.232 [main] DEBUG com.github.jknack.handlebars.internal.HbsParserFactory - About to parse: inline@26d838bc
2025-07-19 15:27:22.328 [main] DEBUG com.github.jknack.handlebars.internal.HbsParserFactory - Building AST
2025-07-19 15:27:22.349 [main] DEBUG com.github.jknack.handlebars.internal.HbsParserFactory - Creating templates
2025-07-19 15:27:22.377 [main] INFO  org.dmsextension.paperless.client.endpoints.PaperlessEndpoint - No query given to this endpoint
2025-07-19 15:27:22.505 [main] DEBUG org.dmsextension.paperless.client.PaperlessClient - Api call successful, parsing response
2025-07-19 15:27:22.506 [main] DEBUG org.dmsextension.paperless.client.endpoints.DocumentDownloadEndpoint - Parsing reponse
2025-07-19 15:27:22.513 [main] DEBUG org.dmsextension.paperless.client.endpoints.DocumentDownloadEndpoint - Extracting file from input stream
2025-07-19 15:27:22.565 [main] DEBUG org.dmsextension.paperless.client.endpoints.DocumentDownloadEndpoint - File extracted
2025-07-19 15:27:22.569 [main] DEBUG org.dmsextension.paperless.client.PaperlessClient$Builder - No url set, trying to build url with protocol, host and port
2025-07-19 15:27:22.569 [main] DEBUG org.dmsextension.paperless.client.PaperlessClient$Builder - Built url: http://ilostthegame:8000/api/
2025-07-19 15:27:25.347 [main] DEBUG org.dmsextension.paperless.client.PaperlessClient - Calling api with given endpoint and body
2025-07-19 15:27:43.764 [main] DEBUG com.github.jknack.handlebars.internal.HbsParserFactory - About to parse: inline@44992cc3
2025-07-19 15:27:43.764 [main] DEBUG com.github.jknack.handlebars.internal.HbsParserFactory - Building AST
2025-07-19 15:27:43.770 [main] DEBUG com.github.jknack.handlebars.internal.HbsParserFactory - Creating templates
2025-07-19 15:27:43.771 [main] INFO  org.dmsextension.paperless.client.endpoints.PaperlessEndpoint - No query given to this endpoint
2025-07-19 15:28:25.055 [main] DEBUG org.dmsextension.paperless.client.PaperlessClient - Api call successful, parsing response
2025-07-19 15:31:46.409 [main] DEBUG org.dmsextension.paperless.client.PaperlessClient$Builder - No url set, trying to build url with protocol, host and port
2025-07-19 15:31:46.415 [main] DEBUG org.dmsextension.paperless.client.PaperlessClient$Builder - Built url: http://ilostthegame:8000/api/
2025-07-19 15:31:46.928 [main] DEBUG org.dmsextension.paperless.client.PaperlessClient - Calling api with given endpoint and body
2025-07-19 15:31:47.737 [main] DEBUG org.dmsextension.paperless.client.PaperlessInterceptor - Request successful, getting token for user sysuser
2025-07-19 15:31:47.915 [main] DEBUG org.dmsextension.paperless.client.PaperlessClient - Api call successful, parsing response
2025-07-19 15:31:47.979 [main] DEBUG org.dmsextension.paperless.client.PaperlessClient$Builder - No url set, trying to build url with protocol, host and port
2025-07-19 15:31:47.979 [main] DEBUG org.dmsextension.paperless.client.PaperlessClient$Builder - Built url: http://ilostthegame:8000/api/
2025-07-19 15:31:48.019 [main] DEBUG org.dmsextension.paperless.client.PaperlessClient - Calling api with given endpoint and body
2025-07-19 15:31:48.028 [main] DEBUG com.github.jknack.handlebars.internal.HbsParserFactory - About to parse: inline@26d838bc
2025-07-19 15:31:48.119 [main] DEBUG com.github.jknack.handlebars.internal.HbsParserFactory - Building AST
2025-07-19 15:31:48.142 [main] DEBUG com.github.jknack.handlebars.internal.HbsParserFactory - Creating templates
2025-07-19 15:31:48.173 [main] INFO  org.dmsextension.paperless.client.endpoints.PaperlessEndpoint - No query given to this endpoint
2025-07-19 15:31:48.310 [main] DEBUG org.dmsextension.paperless.client.PaperlessClient - Api call successful, parsing response
2025-07-19 15:31:48.310 [main] DEBUG org.dmsextension.paperless.client.endpoints.DocumentDownloadEndpoint - Parsing reponse
2025-07-19 15:31:48.318 [main] DEBUG org.dmsextension.paperless.client.endpoints.DocumentDownloadEndpoint - Extracting file from input stream
2025-07-19 15:31:48.372 [main] DEBUG org.dmsextension.paperless.client.endpoints.DocumentDownloadEndpoint - File extracted
2025-07-19 15:31:48.375 [main] DEBUG org.dmsextension.paperless.client.PaperlessClient$Builder - No url set, trying to build url with protocol, host and port
2025-07-19 15:31:48.375 [main] DEBUG org.dmsextension.paperless.client.PaperlessClient$Builder - Built url: http://ilostthegame:8000/api/
2025-07-19 15:31:48.380 [main] DEBUG org.dmsextension.paperless.client.PaperlessClient - Calling api with given endpoint and body
2025-07-19 15:31:48.380 [main] DEBUG com.github.jknack.handlebars.internal.HbsParserFactory - About to parse: inline@44992cc3
2025-07-19 15:31:48.380 [main] DEBUG com.github.jknack.handlebars.internal.HbsParserFactory - Building AST
2025-07-19 15:31:48.381 [main] DEBUG com.github.jknack.handlebars.internal.HbsParserFactory - Creating templates
2025-07-19 15:31:48.382 [main] INFO  org.dmsextension.paperless.client.endpoints.PaperlessEndpoint - No query given to this endpoint
2025-07-19 15:31:48.460 [main] DEBUG org.dmsextension.paperless.client.PaperlessClient - Api call successful, parsing response
2025-07-19 15:33:23.048 [main] DEBUG org.dmsextension.paperless.client.PaperlessClient$Builder - No url set, trying to build url with protocol, host and port
2025-07-19 15:33:23.053 [main] DEBUG org.dmsextension.paperless.client.PaperlessClient$Builder - Built url: http://ilostthegame:8000/api/
2025-07-19 15:33:23.555 [main] DEBUG org.dmsextension.paperless.client.PaperlessClient - Calling api with given endpoint and body
2025-07-19 15:33:24.306 [main] DEBUG org.dmsextension.paperless.client.PaperlessInterceptor - Request successful, getting token for user sysuser
2025-07-19 15:33:24.473 [main] DEBUG org.dmsextension.paperless.client.PaperlessClient - Api call successful, parsing response
2025-07-19 15:33:24.529 [main] DEBUG org.dmsextension.paperless.client.PaperlessClient$Builder - No url set, trying to build url with protocol, host and port
2025-07-19 15:33:24.530 [main] DEBUG org.dmsextension.paperless.client.PaperlessClient$Builder - Built url: http://ilostthegame:8000/api/
2025-07-19 15:33:24.569 [main] DEBUG org.dmsextension.paperless.client.PaperlessClient - Calling api with given endpoint and body
2025-07-19 15:33:24.577 [main] DEBUG com.github.jknack.handlebars.internal.HbsParserFactory - About to parse: inline@26d838bc
2025-07-19 15:33:24.648 [main] DEBUG com.github.jknack.handlebars.internal.HbsParserFactory - Building AST
2025-07-19 15:33:24.663 [main] DEBUG com.github.jknack.handlebars.internal.HbsParserFactory - Creating templates
2025-07-19 15:33:24.682 [main] INFO  org.dmsextension.paperless.client.endpoints.PaperlessEndpoint - No query given to this endpoint
2025-07-19 15:33:24.796 [main] DEBUG org.dmsextension.paperless.client.PaperlessClient - Api call successful, parsing response
2025-07-19 15:33:24.797 [main] DEBUG org.dmsextension.paperless.client.endpoints.DocumentDownloadEndpoint - Parsing reponse
2025-07-19 15:33:24.804 [main] DEBUG org.dmsextension.paperless.client.endpoints.DocumentDownloadEndpoint - Extracting file from input stream
2025-07-19 15:33:24.846 [main] DEBUG org.dmsextension.paperless.client.endpoints.DocumentDownloadEndpoint - File extracted
2025-07-19 15:33:24.849 [main] DEBUG org.dmsextension.paperless.client.PaperlessClient$Builder - No url set, trying to build url with protocol, host and port
2025-07-19 15:33:24.849 [main] DEBUG org.dmsextension.paperless.client.PaperlessClient$Builder - Built url: http://ilostthegame:8000/api/
2025-07-19 15:33:24.854 [main] DEBUG org.dmsextension.paperless.client.PaperlessClient - Calling api with given endpoint and body
2025-07-19 15:33:24.855 [main] DEBUG com.github.jknack.handlebars.internal.HbsParserFactory - About to parse: inline@44992cc3
2025-07-19 15:33:24.855 [main] DEBUG com.github.jknack.handlebars.internal.HbsParserFactory - Building AST
2025-07-19 15:33:24.856 [main] DEBUG com.github.jknack.handlebars.internal.HbsParserFactory - Creating templates
2025-07-19 15:33:24.856 [main] INFO  org.dmsextension.paperless.client.endpoints.PaperlessEndpoint - No query given to this endpoint
2025-07-19 15:33:24.923 [main] DEBUG org.dmsextension.paperless.client.PaperlessClient - Api call successful, parsing response
2025-07-19 15:33:51.919 [main] DEBUG org.dmsextension.paperless.client.PaperlessClient$Builder - No url set, trying to build url with protocol, host and port
2025-07-19 15:33:51.925 [main] DEBUG org.dmsextension.paperless.client.PaperlessClient$Builder - Built url: http://ilostthegame:8000/api/
2025-07-19 15:33:52.493 [main] DEBUG org.dmsextension.paperless.client.PaperlessClient - Calling api with given endpoint and body
2025-07-19 15:33:53.259 [main] DEBUG org.dmsextension.paperless.client.PaperlessInterceptor - Request successful, getting token for user sysuser
2025-07-19 15:33:53.423 [main] DEBUG org.dmsextension.paperless.client.PaperlessClient - Api call successful, parsing response
2025-07-19 15:33:53.466 [main] DEBUG org.dmsextension.paperless.client.PaperlessClient$Builder - No url set, trying to build url with protocol, host and port
2025-07-19 15:33:53.466 [main] DEBUG org.dmsextension.paperless.client.PaperlessClient$Builder - Built url: http://ilostthegame:8000/api/
2025-07-19 15:33:53.506 [main] DEBUG org.dmsextension.paperless.client.PaperlessClient - Calling api with given endpoint and body
2025-07-19 15:33:53.514 [main] DEBUG com.github.jknack.handlebars.internal.HbsParserFactory - About to parse: inline@26d838bc
2025-07-19 15:33:53.583 [main] DEBUG com.github.jknack.handlebars.internal.HbsParserFactory - Building AST
2025-07-19 15:33:53.597 [main] DEBUG com.github.jknack.handlebars.internal.HbsParserFactory - Creating templates
2025-07-19 15:33:53.617 [main] INFO  org.dmsextension.paperless.client.endpoints.PaperlessEndpoint - No query given to this endpoint
2025-07-19 15:33:53.726 [main] DEBUG org.dmsextension.paperless.client.PaperlessClient - Api call successful, parsing response
2025-07-19 15:33:53.727 [main] DEBUG org.dmsextension.paperless.client.endpoints.DocumentDownloadEndpoint - Parsing reponse
2025-07-19 15:33:53.733 [main] DEBUG org.dmsextension.paperless.client.endpoints.DocumentDownloadEndpoint - Extracting file from input stream
2025-07-19 15:33:53.776 [main] DEBUG org.dmsextension.paperless.client.endpoints.DocumentDownloadEndpoint - File extracted
2025-07-19 15:33:53.779 [main] DEBUG org.dmsextension.paperless.client.PaperlessClient$Builder - No url set, trying to build url with protocol, host and port
2025-07-19 15:33:53.779 [main] DEBUG org.dmsextension.paperless.client.PaperlessClient$Builder - Built url: http://ilostthegame:8000/api/
2025-07-19 15:33:53.783 [main] DEBUG org.dmsextension.paperless.client.PaperlessClient - Calling api with given endpoint and body
2025-07-19 15:33:53.783 [main] DEBUG com.github.jknack.handlebars.internal.HbsParserFactory - About to parse: inline@44992cc3
2025-07-19 15:33:53.784 [main] DEBUG com.github.jknack.handlebars.internal.HbsParserFactory - Building AST
2025-07-19 15:33:53.785 [main] DEBUG com.github.jknack.handlebars.internal.HbsParserFactory - Creating templates
2025-07-19 15:33:53.785 [main] INFO  org.dmsextension.paperless.client.endpoints.PaperlessEndpoint - No query given to this endpoint
2025-07-19 15:33:53.853 [main] DEBUG org.dmsextension.paperless.client.PaperlessClient - Api call successful, parsing response
2025-07-19 15:33:53.863 [main] DEBUG org.dmsextension.paperless.client.PaperlessClient$Builder - No url set, trying to build url with protocol, host and port
2025-07-19 15:33:53.863 [main] INFO  org.dmsextension.paperless.client.PaperlessClient$Builder - Missing values for building paperless client
2025-07-19 15:33:53.863 [main] DEBUG org.dmsextension.paperless.client.PaperlessClient$Builder - No url set, trying to build url with protocol, host and port
2025-07-19 15:33:53.863 [main] DEBUG org.dmsextension.paperless.client.PaperlessClient$Builder - Built url: http://ilostthegame:8000/api/
2025-07-19 15:33:53.869 [main] DEBUG org.dmsextension.paperless.client.PaperlessClient$Builder - No url set, trying to build url with protocol, host and port
2025-07-19 15:33:53.869 [main] DEBUG org.dmsextension.paperless.client.PaperlessClient$Builder - Built url: http://ilostthegame:8000/api/
2025-07-19 15:33:53.871 [main] DEBUG org.dmsextension.paperless.client.PaperlessClient - Uploading file C:\Users\gerri\Desktop\King of Ordners\2024_Ausbildungszeugnis.pdf to paperless
2025-07-19 15:33:53.872 [main] DEBUG org.dmsextension.paperless.client.PaperlessClient - Built endpoint and template
2025-07-19 15:33:53.877 [main] DEBUG org.dmsextension.paperless.client.PaperlessClient - Built request, executing
2025-07-19 15:33:54.107 [main] DEBUG org.dmsextension.paperless.client.PaperlessClient - Request successful, uploaded document, guid: "2ab2a6c0-22fb-4880-b0dc-38dfe9185c25"
2025-07-19 15:33:54.112 [main] DEBUG org.dmsextension.paperless.client.PaperlessClient$Builder - No url set, trying to build url with protocol, host and port
2025-07-19 15:33:54.112 [main] DEBUG org.dmsextension.paperless.client.PaperlessClient$Builder - Built url: http://ilostthegame:8000/api/
2025-07-19 15:33:54.115 [main] DEBUG com.github.jknack.handlebars.internal.HbsParserFactory - About to parse: inline@26d838bc
2025-07-19 15:33:54.115 [main] DEBUG com.github.jknack.handlebars.internal.HbsParserFactory - Building AST
2025-07-19 15:33:54.116 [main] DEBUG com.github.jknack.handlebars.internal.HbsParserFactory - Creating templates
2025-07-19 15:33:54.116 [main] INFO  org.dmsextension.paperless.client.endpoints.PaperlessEndpoint - No query given to this endpoint
2025-07-19 15:33:54.246 [main] DEBUG org.dmsextension.paperless.client.PaperlessClient - Request successful, parsing response
2025-07-19 15:33:54.247 [main] DEBUG org.dmsextension.paperless.client.endpoints.DocumentDownloadEndpoint - Parsing reponse
2025-07-19 15:33:54.247 [main] DEBUG org.dmsextension.paperless.client.endpoints.DocumentDownloadEndpoint - Extracting file from input stream
2025-07-19 15:33:54.306 [main] DEBUG org.dmsextension.paperless.client.endpoints.DocumentDownloadEndpoint - File extracted
2025-07-19 15:44:12.114 [main] DEBUG org.dmsextension.paperless.client.PaperlessClient$Builder - No url set, trying to build url with protocol, host and port
2025-07-19 15:44:12.122 [main] DEBUG org.dmsextension.paperless.client.PaperlessClient$Builder - Built url: http://ilostthegame:8000/api/
2025-07-19 15:44:12.662 [main] DEBUG org.dmsextension.paperless.client.PaperlessClient - Calling api with given endpoint and body
2025-07-19 15:44:13.480 [main] DEBUG org.dmsextension.paperless.client.PaperlessInterceptor - Request successful, getting token for user sysuser
2025-07-19 15:44:13.670 [main] DEBUG org.dmsextension.paperless.client.PaperlessClient - Api call successful, parsing response
2025-07-19 15:44:13.720 [main] DEBUG org.dmsextension.paperless.client.PaperlessClient$Builder - No url set, trying to build url with protocol, host and port
2025-07-19 15:44:13.720 [main] DEBUG org.dmsextension.paperless.client.PaperlessClient$Builder - Built url: http://ilostthegame:8000/api/
2025-07-19 15:44:13.757 [main] DEBUG org.dmsextension.paperless.client.PaperlessClient - Calling api with given endpoint and body
2025-07-19 15:44:13.765 [main] DEBUG com.github.jknack.handlebars.internal.HbsParserFactory - About to parse: inline@26d838bc
2025-07-19 15:44:13.836 [main] DEBUG com.github.jknack.handlebars.internal.HbsParserFactory - Building AST
2025-07-19 15:44:13.850 [main] DEBUG com.github.jknack.handlebars.internal.HbsParserFactory - Creating templates
2025-07-19 15:44:13.869 [main] INFO  org.dmsextension.paperless.client.endpoints.PaperlessEndpoint - No query given to this endpoint
2025-07-19 15:44:13.998 [main] DEBUG org.dmsextension.paperless.client.PaperlessClient - Api call successful, parsing response
2025-07-19 15:44:13.999 [main] DEBUG org.dmsextension.paperless.client.endpoints.DocumentDownloadEndpoint - Parsing reponse
2025-07-19 15:44:14.006 [main] DEBUG org.dmsextension.paperless.client.endpoints.DocumentDownloadEndpoint - Extracting file from input stream
2025-07-19 15:44:14.051 [main] DEBUG org.dmsextension.paperless.client.endpoints.DocumentDownloadEndpoint - File extracted
2025-07-19 15:44:14.054 [main] DEBUG org.dmsextension.paperless.client.PaperlessClient$Builder - No url set, trying to build url with protocol, host and port
2025-07-19 15:44:14.054 [main] DEBUG org.dmsextension.paperless.client.PaperlessClient$Builder - Built url: http://ilostthegame:8000/api/
2025-07-19 15:44:14.058 [main] DEBUG org.dmsextension.paperless.client.PaperlessClient - Calling api with given endpoint and body
2025-07-19 15:44:14.058 [main] DEBUG com.github.jknack.handlebars.internal.HbsParserFactory - About to parse: inline@44992cc3
2025-07-19 15:44:14.058 [main] DEBUG com.github.jknack.handlebars.internal.HbsParserFactory - Building AST
2025-07-19 15:44:14.059 [main] DEBUG com.github.jknack.handlebars.internal.HbsParserFactory - Creating templates
2025-07-19 15:44:14.059 [main] INFO  org.dmsextension.paperless.client.endpoints.PaperlessEndpoint - No query given to this endpoint
2025-07-19 15:44:14.145 [main] DEBUG org.dmsextension.paperless.client.PaperlessClient - Api call successful, parsing response
2025-07-19 15:44:14.158 [main] DEBUG org.dmsextension.paperless.client.PaperlessClient$Builder - No url set, trying to build url with protocol, host and port
2025-07-19 15:44:14.158 [main] INFO  org.dmsextension.paperless.client.PaperlessClient$Builder - Missing values for building paperless client
2025-07-19 15:44:14.159 [main] DEBUG org.dmsextension.paperless.client.PaperlessClient$Builder - No url set, trying to build url with protocol, host and port
2025-07-19 15:44:14.159 [main] DEBUG org.dmsextension.paperless.client.PaperlessClient$Builder - Built url: http://ilostthegame:8000/api/
2025-07-19 15:44:14.164 [main] DEBUG org.dmsextension.paperless.client.PaperlessClient$Builder - No url set, trying to build url with protocol, host and port
2025-07-19 15:44:14.164 [main] DEBUG org.dmsextension.paperless.client.PaperlessClient$Builder - Built url: http://ilostthegame:8000/api/
2025-07-19 15:44:14.166 [main] DEBUG org.dmsextension.paperless.client.PaperlessClient - Uploading file C:\Users\gerri\Desktop\King of Ordners\2024_Ausbildungszeugnis.pdf to paperless
2025-07-19 15:44:14.167 [main] DEBUG org.dmsextension.paperless.client.PaperlessClient - Built endpoint and template
2025-07-19 15:44:14.172 [main] DEBUG org.dmsextension.paperless.client.PaperlessClient - Built request, executing
2025-07-19 15:44:14.290 [main] DEBUG org.dmsextension.paperless.client.PaperlessClient - Request successful, uploaded document, guid: "4453044b-305a-4541-9edb-56522ffbf567"
2025-07-19 15:44:14.295 [main] DEBUG org.dmsextension.paperless.client.PaperlessClient$Builder - No url set, trying to build url with protocol, host and port
2025-07-19 15:44:14.296 [main] DEBUG org.dmsextension.paperless.client.PaperlessClient$Builder - Built url: http://ilostthegame:8000/api/
2025-07-19 15:44:14.300 [main] DEBUG com.github.jknack.handlebars.internal.HbsParserFactory - About to parse: inline@26d838bc
2025-07-19 15:44:14.300 [main] DEBUG com.github.jknack.handlebars.internal.HbsParserFactory - Building AST
2025-07-19 15:44:14.301 [main] DEBUG com.github.jknack.handlebars.internal.HbsParserFactory - Creating templates
2025-07-19 15:44:14.301 [main] INFO  org.dmsextension.paperless.client.endpoints.PaperlessEndpoint - No query given to this endpoint
2025-07-19 15:44:14.476 [main] DEBUG org.dmsextension.paperless.client.PaperlessClient - Request successful, parsing response
2025-07-19 15:44:14.477 [main] DEBUG org.dmsextension.paperless.client.endpoints.DocumentDownloadEndpoint - Parsing reponse
2025-07-19 15:44:14.478 [main] DEBUG org.dmsextension.paperless.client.endpoints.DocumentDownloadEndpoint - Extracting file from input stream
2025-07-19 15:44:14.554 [main] DEBUG org.dmsextension.paperless.client.endpoints.DocumentDownloadEndpoint - File extracted
2025-07-19 17:07:43.462 [main] DEBUG org.dmsextension.paperless.client.PaperlessClient$Builder - No url set, trying to build url with protocol, host and port
2025-07-19 17:07:43.468 [main] DEBUG org.dmsextension.paperless.client.PaperlessClient$Builder - Built url: http://ilostthegame:8000/api/
2025-07-19 17:07:43.986 [main] DEBUG org.dmsextension.paperless.client.PaperlessClient - Calling api with given endpoint and body
2025-07-19 17:07:44.806 [main] DEBUG org.dmsextension.paperless.client.PaperlessInterceptor - Request successful, getting token for user sysuser
2025-07-19 17:07:44.980 [main] DEBUG org.dmsextension.paperless.client.PaperlessClient - Api call successful, parsing response
2025-07-19 17:07:45.033 [main] DEBUG org.dmsextension.paperless.client.PaperlessClient$Builder - No url set, trying to build url with protocol, host and port
2025-07-19 17:07:45.033 [main] DEBUG org.dmsextension.paperless.client.PaperlessClient$Builder - Built url: http://ilostthegame:8000/api/
2025-07-19 17:07:45.069 [main] DEBUG org.dmsextension.paperless.client.PaperlessClient - Calling api with given endpoint and body
2025-07-19 17:07:45.077 [main] DEBUG com.github.jknack.handlebars.internal.HbsParserFactory - About to parse: inline@26d838bc
2025-07-19 17:07:45.140 [main] DEBUG com.github.jknack.handlebars.internal.HbsParserFactory - Building AST
2025-07-19 17:07:45.153 [main] DEBUG com.github.jknack.handlebars.internal.HbsParserFactory - Creating templates
2025-07-19 17:07:45.171 [main] INFO  org.dmsextension.paperless.client.endpoints.PaperlessEndpoint - No query given to this endpoint
2025-07-19 17:07:45.284 [main] DEBUG org.dmsextension.paperless.client.PaperlessClient - Api call successful, parsing response
2025-07-19 17:07:45.285 [main] DEBUG org.dmsextension.paperless.client.endpoints.DocumentDownloadEndpoint - Parsing reponse
2025-07-19 17:07:45.292 [main] DEBUG org.dmsextension.paperless.client.endpoints.DocumentDownloadEndpoint - Extracting file from input stream
2025-07-19 17:07:45.342 [main] DEBUG org.dmsextension.paperless.client.endpoints.DocumentDownloadEndpoint - File extracted
2025-07-19 17:07:45.344 [main] DEBUG org.dmsextension.paperless.client.PaperlessClient$Builder - No url set, trying to build url with protocol, host and port
2025-07-19 17:07:45.345 [main] DEBUG org.dmsextension.paperless.client.PaperlessClient$Builder - Built url: http://ilostthegame:8000/api/
2025-07-19 17:07:45.349 [main] DEBUG org.dmsextension.paperless.client.PaperlessClient - Calling api with given endpoint and body
2025-07-19 17:07:45.349 [main] DEBUG com.github.jknack.handlebars.internal.HbsParserFactory - About to parse: inline@44992cc3
2025-07-19 17:07:45.350 [main] DEBUG com.github.jknack.handlebars.internal.HbsParserFactory - Building AST
2025-07-19 17:07:45.351 [main] DEBUG com.github.jknack.handlebars.internal.HbsParserFactory - Creating templates
2025-07-19 17:07:45.351 [main] INFO  org.dmsextension.paperless.client.endpoints.PaperlessEndpoint - No query given to this endpoint
2025-07-19 17:07:45.431 [main] DEBUG org.dmsextension.paperless.client.PaperlessClient - Api call successful, parsing response
2025-07-19 17:07:45.462 [main] DEBUG org.dmsextension.paperless.client.PaperlessClient$Builder - No url set, trying to build url with protocol, host and port
2025-07-19 17:07:45.462 [main] INFO  org.dmsextension.paperless.client.PaperlessClient$Builder - Missing values for building paperless client
2025-07-19 17:07:45.463 [main] DEBUG org.dmsextension.paperless.client.PaperlessClient$Builder - No url set, trying to build url with protocol, host and port
2025-07-19 17:07:45.463 [main] DEBUG org.dmsextension.paperless.client.PaperlessClient$Builder - Built url: http://ilostthegame:8000/api/
2025-07-19 17:07:45.468 [main] DEBUG org.dmsextension.paperless.client.PaperlessClient$Builder - No url set, trying to build url with protocol, host and port
2025-07-19 17:07:45.468 [main] DEBUG org.dmsextension.paperless.client.PaperlessClient$Builder - Built url: http://ilostthegame:8000/api/
2025-07-19 17:07:45.470 [main] DEBUG org.dmsextension.paperless.client.PaperlessClient - Uploading file C:\Users\gerri\Desktop\King of Ordners\2024_Ausbildungszeugnis.pdf to paperless
2025-07-19 17:07:45.471 [main] DEBUG org.dmsextension.paperless.client.PaperlessClient - Built endpoint and template
2025-07-19 17:07:45.483 [main] DEBUG org.dmsextension.paperless.client.PaperlessClient - Built request, executing
2025-07-19 17:07:45.629 [main] DEBUG org.dmsextension.paperless.client.PaperlessClient - Request successful, uploaded document, guid: "c0047632-f9c7-48b5-a709-9bc0b296682d"
2025-07-19 17:07:45.633 [main] DEBUG org.dmsextension.paperless.client.PaperlessClient$Builder - No url set, trying to build url with protocol, host and port
2025-07-19 17:07:45.634 [main] DEBUG org.dmsextension.paperless.client.PaperlessClient$Builder - Built url: http://ilostthegame:8000/api/
2025-07-19 17:07:45.640 [main] DEBUG com.github.jknack.handlebars.internal.HbsParserFactory - About to parse: inline@26d838bc
2025-07-19 17:07:45.640 [main] DEBUG com.github.jknack.handlebars.internal.HbsParserFactory - Building AST
2025-07-19 17:07:45.642 [main] DEBUG com.github.jknack.handlebars.internal.HbsParserFactory - Creating templates
2025-07-19 17:07:45.642 [main] INFO  org.dmsextension.paperless.client.endpoints.PaperlessEndpoint - No query given to this endpoint
2025-07-19 17:07:45.781 [main] DEBUG org.dmsextension.paperless.client.PaperlessClient - Request successful, parsing response
2025-07-19 17:07:45.781 [main] DEBUG org.dmsextension.paperless.client.endpoints.DocumentDownloadEndpoint - Parsing reponse
2025-07-19 17:07:45.781 [main] DEBUG org.dmsextension.paperless.client.endpoints.DocumentDownloadEndpoint - Extracting file from input stream
2025-07-19 17:07:45.848 [main] DEBUG org.dmsextension.paperless.client.endpoints.DocumentDownloadEndpoint - File extracted
2025-07-19 17:09:53.600 [main] DEBUG org.dmsextension.paperless.client.PaperlessClient$Builder - No url set, trying to build url with protocol, host and port
2025-07-19 17:09:53.610 [main] DEBUG org.dmsextension.paperless.client.PaperlessClient$Builder - Built url: http://ilostthegame:8000/api/
2025-07-19 17:09:54.189 [main] DEBUG org.dmsextension.paperless.client.PaperlessClient - Calling api with given endpoint and body
2025-07-19 17:09:54.988 [main] DEBUG org.dmsextension.paperless.client.PaperlessInterceptor - Request successful, getting token for user sysuser
2025-07-19 17:09:55.163 [main] DEBUG org.dmsextension.paperless.client.PaperlessClient - Api call successful, parsing response
2025-07-19 17:09:55.210 [main] DEBUG org.dmsextension.paperless.client.PaperlessClient$Builder - No url set, trying to build url with protocol, host and port
2025-07-19 17:09:55.210 [main] DEBUG org.dmsextension.paperless.client.PaperlessClient$Builder - Built url: http://ilostthegame:8000/api/
2025-07-19 17:09:55.243 [main] DEBUG org.dmsextension.paperless.client.PaperlessClient - Calling api with given endpoint and body
2025-07-19 17:09:55.251 [main] DEBUG com.github.jknack.handlebars.internal.HbsParserFactory - About to parse: inline@26d838bc
2025-07-19 17:09:55.325 [main] DEBUG com.github.jknack.handlebars.internal.HbsParserFactory - Building AST
2025-07-19 17:09:55.341 [main] DEBUG com.github.jknack.handlebars.internal.HbsParserFactory - Creating templates
2025-07-19 17:09:55.361 [main] INFO  org.dmsextension.paperless.client.endpoints.PaperlessEndpoint - No query given to this endpoint
2025-07-19 17:09:55.487 [main] DEBUG org.dmsextension.paperless.client.PaperlessClient - Api call successful, parsing response
2025-07-19 17:09:55.488 [main] DEBUG org.dmsextension.paperless.client.endpoints.DocumentDownloadEndpoint - Parsing reponse
2025-07-19 17:09:55.496 [main] DEBUG org.dmsextension.paperless.client.endpoints.DocumentDownloadEndpoint - Extracting file from input stream
2025-07-19 17:09:55.559 [main] DEBUG org.dmsextension.paperless.client.endpoints.DocumentDownloadEndpoint - File extracted
2025-07-19 17:09:55.564 [main] DEBUG org.dmsextension.paperless.client.PaperlessClient$Builder - No url set, trying to build url with protocol, host and port
2025-07-19 17:09:55.564 [main] DEBUG org.dmsextension.paperless.client.PaperlessClient$Builder - Built url: http://ilostthegame:8000/api/
2025-07-19 17:09:55.569 [main] DEBUG org.dmsextension.paperless.client.PaperlessClient - Calling api with given endpoint and body
2025-07-19 17:09:55.570 [main] DEBUG com.github.jknack.handlebars.internal.HbsParserFactory - About to parse: inline@44992cc3
2025-07-19 17:09:55.570 [main] DEBUG com.github.jknack.handlebars.internal.HbsParserFactory - Building AST
2025-07-19 17:09:55.572 [main] DEBUG com.github.jknack.handlebars.internal.HbsParserFactory - Creating templates
2025-07-19 17:09:55.572 [main] INFO  org.dmsextension.paperless.client.endpoints.PaperlessEndpoint - No query given to this endpoint
2025-07-19 17:09:55.667 [main] DEBUG org.dmsextension.paperless.client.PaperlessClient - Api call successful, parsing response
2025-07-19 17:09:55.710 [main] DEBUG org.dmsextension.paperless.client.PaperlessClient$Builder - No url set, trying to build url with protocol, host and port
2025-07-19 17:09:55.710 [main] INFO  org.dmsextension.paperless.client.PaperlessClient$Builder - Missing values for building paperless client
2025-07-19 17:09:55.711 [main] DEBUG org.dmsextension.paperless.client.PaperlessClient$Builder - No url set, trying to build url with protocol, host and port
2025-07-19 17:09:55.712 [main] DEBUG org.dmsextension.paperless.client.PaperlessClient$Builder - Built url: http://ilostthegame:8000/api/
2025-07-19 17:09:55.722 [main] DEBUG org.dmsextension.paperless.client.PaperlessClient$Builder - No url set, trying to build url with protocol, host and port
2025-07-19 17:09:55.723 [main] DEBUG org.dmsextension.paperless.client.PaperlessClient$Builder - Built url: http://ilostthegame:8000/api/
2025-07-19 17:09:55.725 [main] DEBUG org.dmsextension.paperless.client.PaperlessClient - Uploading file C:\Users\gerri\Desktop\King of Ordners\2024_Ausbildungszeugnis.pdf to paperless
2025-07-19 17:09:55.725 [main] DEBUG org.dmsextension.paperless.client.PaperlessClient - Built endpoint and template
2025-07-19 17:09:55.732 [main] DEBUG org.dmsextension.paperless.client.PaperlessClient - Built request, executing
2025-07-19 17:09:55.854 [main] DEBUG org.dmsextension.paperless.client.PaperlessClient - Request successful, uploaded document, guid: "5304d5d1-be74-4d8d-bbd5-ecc9f6beadb7"
2025-07-19 17:09:55.859 [main] DEBUG org.dmsextension.paperless.client.PaperlessClient$Builder - No url set, trying to build url with protocol, host and port
2025-07-19 17:09:55.860 [main] DEBUG org.dmsextension.paperless.client.PaperlessClient$Builder - Built url: http://ilostthegame:8000/api/
2025-07-19 17:09:55.863 [main] DEBUG com.github.jknack.handlebars.internal.HbsParserFactory - About to parse: inline@26d838bc
2025-07-19 17:09:55.864 [main] DEBUG com.github.jknack.handlebars.internal.HbsParserFactory - Building AST
2025-07-19 17:09:55.865 [main] DEBUG com.github.jknack.handlebars.internal.HbsParserFactory - Creating templates
2025-07-19 17:09:55.865 [main] INFO  org.dmsextension.paperless.client.endpoints.PaperlessEndpoint - No query given to this endpoint
2025-07-19 17:09:56.011 [main] DEBUG org.dmsextension.paperless.client.PaperlessClient - Request successful, parsing response
2025-07-19 17:09:56.011 [main] DEBUG org.dmsextension.paperless.client.endpoints.DocumentDownloadEndpoint - Parsing reponse
2025-07-19 17:09:56.013 [main] DEBUG org.dmsextension.paperless.client.endpoints.DocumentDownloadEndpoint - Extracting file from input stream
2025-07-19 17:09:56.078 [main] DEBUG org.dmsextension.paperless.client.endpoints.DocumentDownloadEndpoint - File extracted
2025-07-19 17:11:47.931 [main] DEBUG org.dmsextension.paperless.client.PaperlessClient$Builder - No url set, trying to build url with protocol, host and port
2025-07-19 17:11:47.938 [main] DEBUG org.dmsextension.paperless.client.PaperlessClient$Builder - Built url: http://ilostthegame:8000/api/
2025-07-19 17:11:48.521 [main] DEBUG org.dmsextension.paperless.client.PaperlessClient - Calling api with given endpoint and body
2025-07-19 17:11:49.414 [main] DEBUG org.dmsextension.paperless.client.PaperlessInterceptor - Request successful, getting token for user sysuser
2025-07-19 17:11:49.584 [main] DEBUG org.dmsextension.paperless.client.PaperlessClient - Api call successful, parsing response
2025-07-19 17:11:49.636 [main] DEBUG org.dmsextension.paperless.client.PaperlessClient$Builder - No url set, trying to build url with protocol, host and port
2025-07-19 17:11:49.637 [main] DEBUG org.dmsextension.paperless.client.PaperlessClient$Builder - Built url: http://ilostthegame:8000/api/
2025-07-19 17:11:49.672 [main] DEBUG org.dmsextension.paperless.client.PaperlessClient - Calling api with given endpoint and body
2025-07-19 17:11:49.679 [main] DEBUG com.github.jknack.handlebars.internal.HbsParserFactory - About to parse: inline@26d838bc
2025-07-19 17:11:49.747 [main] DEBUG com.github.jknack.handlebars.internal.HbsParserFactory - Building AST
2025-07-19 17:11:49.764 [main] DEBUG com.github.jknack.handlebars.internal.HbsParserFactory - Creating templates
2025-07-19 17:11:49.781 [main] INFO  org.dmsextension.paperless.client.endpoints.PaperlessEndpoint - No query given to this endpoint
2025-07-19 17:11:49.887 [main] DEBUG org.dmsextension.paperless.client.PaperlessClient - Api call successful, parsing response
2025-07-19 17:11:49.888 [main] DEBUG org.dmsextension.paperless.client.endpoints.DocumentDownloadEndpoint - Parsing reponse
2025-07-19 17:11:49.895 [main] DEBUG org.dmsextension.paperless.client.endpoints.DocumentDownloadEndpoint - Extracting file from input stream
2025-07-19 17:11:49.949 [main] DEBUG org.dmsextension.paperless.client.endpoints.DocumentDownloadEndpoint - File extracted
2025-07-19 17:11:49.952 [main] DEBUG org.dmsextension.paperless.client.PaperlessClient$Builder - No url set, trying to build url with protocol, host and port
2025-07-19 17:11:49.952 [main] DEBUG org.dmsextension.paperless.client.PaperlessClient$Builder - Built url: http://ilostthegame:8000/api/
2025-07-19 17:11:49.957 [main] DEBUG org.dmsextension.paperless.client.PaperlessClient - Calling api with given endpoint and body
2025-07-19 17:11:49.958 [main] DEBUG com.github.jknack.handlebars.internal.HbsParserFactory - About to parse: inline@44992cc3
2025-07-19 17:11:49.958 [main] DEBUG com.github.jknack.handlebars.internal.HbsParserFactory - Building AST
2025-07-19 17:11:49.959 [main] DEBUG com.github.jknack.handlebars.internal.HbsParserFactory - Creating templates
2025-07-19 17:11:49.959 [main] INFO  org.dmsextension.paperless.client.endpoints.PaperlessEndpoint - No query given to this endpoint
2025-07-19 17:11:50.032 [main] DEBUG org.dmsextension.paperless.client.PaperlessClient - Api call successful, parsing response
2025-07-19 17:11:50.068 [main] DEBUG org.dmsextension.paperless.client.PaperlessClient$Builder - No url set, trying to build url with protocol, host and port
2025-07-19 17:11:50.068 [main] INFO  org.dmsextension.paperless.client.PaperlessClient$Builder - Missing values for building paperless client
2025-07-19 17:11:50.069 [main] DEBUG org.dmsextension.paperless.client.PaperlessClient$Builder - No url set, trying to build url with protocol, host and port
2025-07-19 17:11:50.069 [main] DEBUG org.dmsextension.paperless.client.PaperlessClient$Builder - Built url: http://ilostthegame:8000/api/
2025-07-19 17:11:50.074 [main] DEBUG org.dmsextension.paperless.client.PaperlessClient$Builder - No url set, trying to build url with protocol, host and port
2025-07-19 17:11:50.074 [main] DEBUG org.dmsextension.paperless.client.PaperlessClient$Builder - Built url: http://ilostthegame:8000/api/
2025-07-19 17:11:50.076 [main] DEBUG org.dmsextension.paperless.client.PaperlessClient - Uploading file C:\Users\gerri\Desktop\King of Ordners\2024_Ausbildungszeugnis.pdf to paperless
2025-07-19 17:11:50.076 [main] DEBUG org.dmsextension.paperless.client.PaperlessClient - Built endpoint and template
2025-07-19 17:11:50.088 [main] DEBUG org.dmsextension.paperless.client.PaperlessClient - Built request, executing
2025-07-19 17:11:50.184 [main] DEBUG org.dmsextension.paperless.client.PaperlessClient - Request successful, uploaded document, guid: "b3ed9439-64f5-4f95-903d-396c5a322ee0"
2025-07-19 17:11:50.189 [main] DEBUG org.dmsextension.paperless.client.PaperlessClient$Builder - No url set, trying to build url with protocol, host and port
2025-07-19 17:11:50.189 [main] DEBUG org.dmsextension.paperless.client.PaperlessClient$Builder - Built url: http://ilostthegame:8000/api/
2025-07-19 17:11:50.192 [main] DEBUG com.github.jknack.handlebars.internal.HbsParserFactory - About to parse: inline@26d838bc
2025-07-19 17:11:50.193 [main] DEBUG com.github.jknack.handlebars.internal.HbsParserFactory - Building AST
2025-07-19 17:11:50.193 [main] DEBUG com.github.jknack.handlebars.internal.HbsParserFactory - Creating templates
2025-07-19 17:11:50.194 [main] INFO  org.dmsextension.paperless.client.endpoints.PaperlessEndpoint - No query given to this endpoint
2025-07-19 17:11:50.329 [main] DEBUG org.dmsextension.paperless.client.PaperlessClient - Request successful, parsing response
2025-07-19 17:11:50.330 [main] DEBUG org.dmsextension.paperless.client.endpoints.DocumentDownloadEndpoint - Parsing reponse
2025-07-19 17:11:50.330 [main] DEBUG org.dmsextension.paperless.client.endpoints.DocumentDownloadEndpoint - Extracting file from input stream
2025-07-19 17:11:50.390 [main] DEBUG org.dmsextension.paperless.client.endpoints.DocumentDownloadEndpoint - File extracted
2025-07-19 17:13:07.464 [main] DEBUG org.dmsextension.paperless.client.PaperlessClient$Builder - No url set, trying to build url with protocol, host and port
2025-07-19 17:13:07.474 [main] DEBUG org.dmsextension.paperless.client.PaperlessClient$Builder - Built url: http://ilostthegame:8000/api/
2025-07-19 17:13:08.017 [main] DEBUG org.dmsextension.paperless.client.PaperlessClient - Calling api with given endpoint and body
2025-07-19 17:13:08.942 [main] DEBUG org.dmsextension.paperless.client.PaperlessInterceptor - Request successful, getting token for user sysuser
2025-07-19 17:13:09.123 [main] DEBUG org.dmsextension.paperless.client.PaperlessClient - Api call successful, parsing response
2025-07-19 17:13:09.169 [main] DEBUG org.dmsextension.paperless.client.PaperlessClient$Builder - No url set, trying to build url with protocol, host and port
2025-07-19 17:13:09.169 [main] DEBUG org.dmsextension.paperless.client.PaperlessClient$Builder - Built url: http://ilostthegame:8000/api/
2025-07-19 17:13:09.205 [main] DEBUG org.dmsextension.paperless.client.PaperlessClient - Calling api with given endpoint and body
2025-07-19 17:13:09.212 [main] DEBUG com.github.jknack.handlebars.internal.HbsParserFactory - About to parse: inline@26d838bc
2025-07-19 17:13:09.284 [main] DEBUG com.github.jknack.handlebars.internal.HbsParserFactory - Building AST
2025-07-19 17:13:09.296 [main] DEBUG com.github.jknack.handlebars.internal.HbsParserFactory - Creating templates
2025-07-19 17:13:09.316 [main] INFO  org.dmsextension.paperless.client.endpoints.PaperlessEndpoint - No query given to this endpoint
2025-07-19 17:13:09.425 [main] DEBUG org.dmsextension.paperless.client.PaperlessClient - Api call successful, parsing response
2025-07-19 17:13:09.426 [main] DEBUG org.dmsextension.paperless.client.endpoints.DocumentDownloadEndpoint - Parsing reponse
2025-07-19 17:13:09.435 [main] DEBUG org.dmsextension.paperless.client.endpoints.DocumentDownloadEndpoint - Extracting file from input stream
2025-07-19 17:13:09.493 [main] DEBUG org.dmsextension.paperless.client.endpoints.DocumentDownloadEndpoint - File extracted
2025-07-19 17:13:09.495 [main] DEBUG org.dmsextension.paperless.client.PaperlessClient$Builder - No url set, trying to build url with protocol, host and port
2025-07-19 17:13:09.496 [main] DEBUG org.dmsextension.paperless.client.PaperlessClient$Builder - Built url: http://ilostthegame:8000/api/
2025-07-19 17:13:09.500 [main] DEBUG org.dmsextension.paperless.client.PaperlessClient - Calling api with given endpoint and body
2025-07-19 17:13:09.501 [main] DEBUG com.github.jknack.handlebars.internal.HbsParserFactory - About to parse: inline@44992cc3
2025-07-19 17:13:09.501 [main] DEBUG com.github.jknack.handlebars.internal.HbsParserFactory - Building AST
2025-07-19 17:13:09.502 [main] DEBUG com.github.jknack.handlebars.internal.HbsParserFactory - Creating templates
2025-07-19 17:13:09.502 [main] INFO  org.dmsextension.paperless.client.endpoints.PaperlessEndpoint - No query given to this endpoint
2025-07-19 17:13:09.573 [main] DEBUG org.dmsextension.paperless.client.PaperlessClient - Api call successful, parsing response
2025-07-19 17:13:09.602 [main] DEBUG org.dmsextension.paperless.client.PaperlessClient$Builder - No url set, trying to build url with protocol, host and port
2025-07-19 17:13:09.602 [main] INFO  org.dmsextension.paperless.client.PaperlessClient$Builder - Missing values for building paperless client
2025-07-19 17:13:09.603 [main] DEBUG org.dmsextension.paperless.client.PaperlessClient$Builder - No url set, trying to build url with protocol, host and port
2025-07-19 17:13:09.603 [main] DEBUG org.dmsextension.paperless.client.PaperlessClient$Builder - Built url: http://ilostthegame:8000/api/
2025-07-19 17:13:09.609 [main] DEBUG org.dmsextension.paperless.client.PaperlessClient$Builder - No url set, trying to build url with protocol, host and port
2025-07-19 17:13:09.609 [main] DEBUG org.dmsextension.paperless.client.PaperlessClient$Builder - Built url: http://ilostthegame:8000/api/
2025-07-19 17:13:09.610 [main] DEBUG org.dmsextension.paperless.client.PaperlessClient - Uploading file C:\Users\gerri\Desktop\King of Ordners\2024_Ausbildungszeugnis.pdf to paperless
2025-07-19 17:13:09.611 [main] DEBUG org.dmsextension.paperless.client.PaperlessClient - Built endpoint and template
2025-07-19 17:13:09.622 [main] DEBUG org.dmsextension.paperless.client.PaperlessClient - Built request, executing
2025-07-19 17:13:09.714 [main] DEBUG org.dmsextension.paperless.client.PaperlessClient - Request successful, uploaded document, guid: "95b79e8a-49a7-4149-8ed4-70694b68fcd2"
2025-07-19 17:13:09.718 [main] DEBUG org.dmsextension.paperless.client.PaperlessClient$Builder - No url set, trying to build url with protocol, host and port
2025-07-19 17:13:09.718 [main] DEBUG org.dmsextension.paperless.client.PaperlessClient$Builder - Built url: http://ilostthegame:8000/api/
2025-07-19 17:13:09.722 [main] DEBUG com.github.jknack.handlebars.internal.HbsParserFactory - About to parse: inline@26d838bc
2025-07-19 17:13:09.722 [main] DEBUG com.github.jknack.handlebars.internal.HbsParserFactory - Building AST
2025-07-19 17:13:09.723 [main] DEBUG com.github.jknack.handlebars.internal.HbsParserFactory - Creating templates
2025-07-19 17:13:09.724 [main] INFO  org.dmsextension.paperless.client.endpoints.PaperlessEndpoint - No query given to this endpoint
2025-07-19 17:13:09.854 [main] DEBUG org.dmsextension.paperless.client.PaperlessClient - Request successful, parsing response
2025-07-19 17:13:09.854 [main] DEBUG org.dmsextension.paperless.client.endpoints.DocumentDownloadEndpoint - Parsing reponse
2025-07-19 17:13:09.855 [main] DEBUG org.dmsextension.paperless.client.endpoints.DocumentDownloadEndpoint - Extracting file from input stream
2025-07-19 17:13:09.916 [main] DEBUG org.dmsextension.paperless.client.endpoints.DocumentDownloadEndpoint - File extracted
2025-07-19 17:15:08.083 [main] DEBUG org.dmsextension.paperless.client.PaperlessClient$Builder - No url set, trying to build url with protocol, host and port
2025-07-19 17:15:08.088 [main] DEBUG org.dmsextension.paperless.client.PaperlessClient$Builder - Built url: http://ilostthegame:8000/api/
2025-07-19 17:15:08.590 [main] DEBUG org.dmsextension.paperless.client.PaperlessClient - Calling api with given endpoint and body
2025-07-19 17:15:09.432 [main] DEBUG org.dmsextension.paperless.client.PaperlessInterceptor - Request successful, getting token for user sysuser
2025-07-19 17:15:09.606 [main] DEBUG org.dmsextension.paperless.client.PaperlessClient - Api call successful, parsing response
2025-07-19 17:15:09.657 [main] DEBUG org.dmsextension.paperless.client.PaperlessClient$Builder - No url set, trying to build url with protocol, host and port
2025-07-19 17:15:09.657 [main] DEBUG org.dmsextension.paperless.client.PaperlessClient$Builder - Built url: http://ilostthegame:8000/api/
2025-07-19 17:15:09.691 [main] DEBUG org.dmsextension.paperless.client.PaperlessClient - Calling api with given endpoint and body
2025-07-19 17:15:09.699 [main] DEBUG com.github.jknack.handlebars.internal.HbsParserFactory - About to parse: inline@26d838bc
2025-07-19 17:15:09.771 [main] DEBUG com.github.jknack.handlebars.internal.HbsParserFactory - Building AST
2025-07-19 17:15:09.783 [main] DEBUG com.github.jknack.handlebars.internal.HbsParserFactory - Creating templates
2025-07-19 17:15:09.803 [main] INFO  org.dmsextension.paperless.client.endpoints.PaperlessEndpoint - No query given to this endpoint
2025-07-19 17:15:09.913 [main] DEBUG org.dmsextension.paperless.client.PaperlessClient - Api call successful, parsing response
2025-07-19 17:15:09.913 [main] DEBUG org.dmsextension.paperless.client.endpoints.DocumentDownloadEndpoint - Parsing reponse
2025-07-19 17:15:09.921 [main] DEBUG org.dmsextension.paperless.client.endpoints.DocumentDownloadEndpoint - Extracting file from input stream
2025-07-19 17:15:09.967 [main] DEBUG org.dmsextension.paperless.client.endpoints.DocumentDownloadEndpoint - File extracted
2025-07-19 17:15:09.970 [main] DEBUG org.dmsextension.paperless.client.PaperlessClient$Builder - No url set, trying to build url with protocol, host and port
2025-07-19 17:15:09.970 [main] DEBUG org.dmsextension.paperless.client.PaperlessClient$Builder - Built url: http://ilostthegame:8000/api/
2025-07-19 17:15:09.974 [main] DEBUG org.dmsextension.paperless.client.PaperlessClient - Calling api with given endpoint and body
2025-07-19 17:15:09.974 [main] DEBUG com.github.jknack.handlebars.internal.HbsParserFactory - About to parse: inline@44992cc3
2025-07-19 17:15:09.974 [main] DEBUG com.github.jknack.handlebars.internal.HbsParserFactory - Building AST
2025-07-19 17:15:09.975 [main] DEBUG com.github.jknack.handlebars.internal.HbsParserFactory - Creating templates
2025-07-19 17:15:09.975 [main] INFO  org.dmsextension.paperless.client.endpoints.PaperlessEndpoint - No query given to this endpoint
2025-07-19 17:15:10.047 [main] DEBUG org.dmsextension.paperless.client.PaperlessClient - Api call successful, parsing response
2025-07-19 17:15:10.074 [main] DEBUG org.dmsextension.paperless.client.PaperlessClient$Builder - No url set, trying to build url with protocol, host and port
2025-07-19 17:15:10.075 [main] INFO  org.dmsextension.paperless.client.PaperlessClient$Builder - Missing values for building paperless client
2025-07-19 17:15:10.075 [main] DEBUG org.dmsextension.paperless.client.PaperlessClient$Builder - No url set, trying to build url with protocol, host and port
2025-07-19 17:15:10.076 [main] DEBUG org.dmsextension.paperless.client.PaperlessClient$Builder - Built url: http://ilostthegame:8000/api/
2025-07-19 17:15:10.079 [main] DEBUG org.dmsextension.paperless.client.PaperlessClient$Builder - No url set, trying to build url with protocol, host and port
2025-07-19 17:15:10.080 [main] DEBUG org.dmsextension.paperless.client.PaperlessClient$Builder - Built url: http://ilostthegame:8000/api/
2025-07-19 17:15:10.081 [main] DEBUG org.dmsextension.paperless.client.PaperlessClient - Uploading file C:\Users\gerri\Desktop\King of Ordners\2024_Ausbildungszeugnis.pdf to paperless
2025-07-19 17:15:10.082 [main] DEBUG org.dmsextension.paperless.client.PaperlessClient - Built endpoint and template
2025-07-19 17:15:10.095 [main] DEBUG org.dmsextension.paperless.client.PaperlessClient - Built request, executing
2025-07-19 17:15:10.190 [main] DEBUG org.dmsextension.paperless.client.PaperlessClient - Request successful, uploaded document, guid: "b6294a9f-1e7b-4ba7-8b07-d99d44fcf484"
2025-07-19 17:15:10.193 [main] DEBUG org.dmsextension.paperless.client.PaperlessClient$Builder - No url set, trying to build url with protocol, host and port
2025-07-19 17:15:10.193 [main] DEBUG org.dmsextension.paperless.client.PaperlessClient$Builder - Built url: http://ilostthegame:8000/api/
2025-07-19 17:15:10.197 [main] DEBUG com.github.jknack.handlebars.internal.HbsParserFactory - About to parse: inline@26d838bc
2025-07-19 17:15:10.197 [main] DEBUG com.github.jknack.handlebars.internal.HbsParserFactory - Building AST
2025-07-19 17:15:10.198 [main] DEBUG com.github.jknack.handlebars.internal.HbsParserFactory - Creating templates
2025-07-19 17:15:10.199 [main] INFO  org.dmsextension.paperless.client.endpoints.PaperlessEndpoint - No query given to this endpoint
2025-07-19 17:15:10.344 [main] DEBUG org.dmsextension.paperless.client.PaperlessClient - Request successful, parsing response
2025-07-19 17:15:10.345 [main] DEBUG org.dmsextension.paperless.client.endpoints.DocumentDownloadEndpoint - Parsing reponse
2025-07-19 17:15:10.346 [main] DEBUG org.dmsextension.paperless.client.endpoints.DocumentDownloadEndpoint - Extracting file from input stream
2025-07-19 17:15:10.407 [main] DEBUG org.dmsextension.paperless.client.endpoints.DocumentDownloadEndpoint - File extracted
2025-07-19 17:16:42.309 [main] DEBUG org.dmsextension.paperless.client.PaperlessClient$Builder - No url set, trying to build url with protocol, host and port
2025-07-19 17:16:42.315 [main] DEBUG org.dmsextension.paperless.client.PaperlessClient$Builder - Built url: http://ilostthegame:8000/api/
2025-07-19 17:16:42.756 [main] DEBUG org.dmsextension.paperless.client.PaperlessClient - Calling api with given endpoint and body
2025-07-19 17:16:43.450 [main] DEBUG org.dmsextension.paperless.client.PaperlessInterceptor - Request successful, getting token for user sysuser
2025-07-19 17:16:43.637 [main] DEBUG org.dmsextension.paperless.client.PaperlessClient - Api call successful, parsing response
2025-07-19 17:16:43.692 [main] DEBUG org.dmsextension.paperless.client.PaperlessClient$Builder - No url set, trying to build url with protocol, host and port
2025-07-19 17:16:43.692 [main] DEBUG org.dmsextension.paperless.client.PaperlessClient$Builder - Built url: http://ilostthegame:8000/api/
2025-07-19 17:16:43.728 [main] DEBUG org.dmsextension.paperless.client.PaperlessClient - Calling api with given endpoint and body
2025-07-19 17:16:43.735 [main] DEBUG com.github.jknack.handlebars.internal.HbsParserFactory - About to parse: inline@26d838bc
2025-07-19 17:16:43.803 [main] DEBUG com.github.jknack.handlebars.internal.HbsParserFactory - Building AST
2025-07-19 17:16:43.818 [main] DEBUG com.github.jknack.handlebars.internal.HbsParserFactory - Creating templates
2025-07-19 17:16:43.840 [main] INFO  org.dmsextension.paperless.client.endpoints.PaperlessEndpoint - No query given to this endpoint
2025-07-19 17:16:43.954 [main] DEBUG org.dmsextension.paperless.client.PaperlessClient - Api call successful, parsing response
2025-07-19 17:16:43.955 [main] DEBUG org.dmsextension.paperless.client.endpoints.DocumentDownloadEndpoint - Parsing reponse
2025-07-19 17:16:43.962 [main] DEBUG org.dmsextension.paperless.client.endpoints.DocumentDownloadEndpoint - Extracting file from input stream
2025-07-19 17:16:44.011 [main] DEBUG org.dmsextension.paperless.client.endpoints.DocumentDownloadEndpoint - File extracted
2025-07-19 17:16:44.014 [main] DEBUG org.dmsextension.paperless.client.PaperlessClient$Builder - No url set, trying to build url with protocol, host and port
2025-07-19 17:16:44.015 [main] DEBUG org.dmsextension.paperless.client.PaperlessClient$Builder - Built url: http://ilostthegame:8000/api/
2025-07-19 17:16:44.018 [main] DEBUG org.dmsextension.paperless.client.PaperlessClient - Calling api with given endpoint and body
2025-07-19 17:16:44.019 [main] DEBUG com.github.jknack.handlebars.internal.HbsParserFactory - About to parse: inline@44992cc3
2025-07-19 17:16:44.019 [main] DEBUG com.github.jknack.handlebars.internal.HbsParserFactory - Building AST
2025-07-19 17:16:44.022 [main] DEBUG com.github.jknack.handlebars.internal.HbsParserFactory - Creating templates
2025-07-19 17:16:44.022 [main] INFO  org.dmsextension.paperless.client.endpoints.PaperlessEndpoint - No query given to this endpoint
2025-07-19 17:16:44.096 [main] DEBUG org.dmsextension.paperless.client.PaperlessClient - Api call successful, parsing response
2025-07-19 17:16:44.125 [main] DEBUG org.dmsextension.paperless.client.PaperlessClient$Builder - No url set, trying to build url with protocol, host and port
2025-07-19 17:16:44.126 [main] INFO  org.dmsextension.paperless.client.PaperlessClient$Builder - Missing values for building paperless client
2025-07-19 17:16:44.126 [main] DEBUG org.dmsextension.paperless.client.PaperlessClient$Builder - No url set, trying to build url with protocol, host and port
2025-07-19 17:16:44.126 [main] DEBUG org.dmsextension.paperless.client.PaperlessClient$Builder - Built url: http://ilostthegame:8000/api/
2025-07-19 17:16:44.131 [main] DEBUG org.dmsextension.paperless.client.PaperlessClient$Builder - No url set, trying to build url with protocol, host and port
2025-07-19 17:16:44.131 [main] DEBUG org.dmsextension.paperless.client.PaperlessClient$Builder - Built url: http://ilostthegame:8000/api/
2025-07-19 17:16:44.133 [main] DEBUG org.dmsextension.paperless.client.PaperlessClient - Uploading file C:\Users\gerri\Desktop\King of Ordners\2024_Ausbildungszeugnis.pdf to paperless
2025-07-19 17:16:44.133 [main] DEBUG org.dmsextension.paperless.client.PaperlessClient - Built endpoint and template
2025-07-19 17:16:44.149 [main] DEBUG org.dmsextension.paperless.client.PaperlessClient - Built request, executing
2025-07-19 17:16:44.233 [main] DEBUG org.dmsextension.paperless.client.PaperlessClient - Request successful, uploaded document, guid: "424e4b1b-357f-4bfd-ae07-09bbd9c1116a"
2025-07-19 17:16:44.236 [main] DEBUG org.dmsextension.paperless.client.PaperlessClient$Builder - No url set, trying to build url with protocol, host and port
2025-07-19 17:16:44.236 [main] DEBUG org.dmsextension.paperless.client.PaperlessClient$Builder - Built url: http://ilostthegame:8000/api/
2025-07-19 17:16:44.240 [main] DEBUG com.github.jknack.handlebars.internal.HbsParserFactory - About to parse: inline@26d838bc
2025-07-19 17:16:44.241 [main] DEBUG com.github.jknack.handlebars.internal.HbsParserFactory - Building AST
2025-07-19 17:16:44.242 [main] DEBUG com.github.jknack.handlebars.internal.HbsParserFactory - Creating templates
2025-07-19 17:16:44.242 [main] INFO  org.dmsextension.paperless.client.endpoints.PaperlessEndpoint - No query given to this endpoint
2025-07-19 17:16:44.365 [main] DEBUG org.dmsextension.paperless.client.PaperlessClient - Request successful, parsing response
2025-07-19 17:16:44.366 [main] DEBUG org.dmsextension.paperless.client.endpoints.DocumentDownloadEndpoint - Parsing reponse
2025-07-19 17:16:44.367 [main] DEBUG org.dmsextension.paperless.client.endpoints.DocumentDownloadEndpoint - Extracting file from input stream
2025-07-19 17:16:44.425 [main] DEBUG org.dmsextension.paperless.client.endpoints.DocumentDownloadEndpoint - File extracted
2025-07-19 17:17:38.088 [main] DEBUG org.dmsextension.paperless.client.PaperlessClient$Builder - No url set, trying to build url with protocol, host and port
2025-07-19 17:17:38.096 [main] DEBUG org.dmsextension.paperless.client.PaperlessClient$Builder - Built url: http://ilostthegame:8000/api/
2025-07-19 17:17:38.489 [main] DEBUG org.dmsextension.paperless.client.PaperlessClient - Calling api with given endpoint and body
2025-07-19 17:17:39.206 [main] DEBUG org.dmsextension.paperless.client.PaperlessInterceptor - Request successful, getting token for user sysuser
2025-07-19 17:17:39.376 [main] DEBUG org.dmsextension.paperless.client.PaperlessClient - Api call successful, parsing response
2025-07-19 17:17:39.423 [main] DEBUG org.dmsextension.paperless.client.PaperlessClient$Builder - No url set, trying to build url with protocol, host and port
2025-07-19 17:17:39.423 [main] DEBUG org.dmsextension.paperless.client.PaperlessClient$Builder - Built url: http://ilostthegame:8000/api/
2025-07-19 17:17:39.457 [main] DEBUG org.dmsextension.paperless.client.PaperlessClient - Calling api with given endpoint and body
2025-07-19 17:17:39.465 [main] DEBUG com.github.jknack.handlebars.internal.HbsParserFactory - About to parse: inline@26d838bc
2025-07-19 17:17:39.529 [main] DEBUG com.github.jknack.handlebars.internal.HbsParserFactory - Building AST
2025-07-19 17:17:39.541 [main] DEBUG com.github.jknack.handlebars.internal.HbsParserFactory - Creating templates
2025-07-19 17:17:39.558 [main] INFO  org.dmsextension.paperless.client.endpoints.PaperlessEndpoint - No query given to this endpoint
2025-07-19 17:17:39.683 [main] DEBUG org.dmsextension.paperless.client.PaperlessClient - Api call successful, parsing response
2025-07-19 17:17:39.684 [main] DEBUG org.dmsextension.paperless.client.endpoints.DocumentDownloadEndpoint - Parsing reponse
2025-07-19 17:17:39.691 [main] DEBUG org.dmsextension.paperless.client.endpoints.DocumentDownloadEndpoint - Extracting file from input stream
2025-07-19 17:17:39.741 [main] DEBUG org.dmsextension.paperless.client.endpoints.DocumentDownloadEndpoint - File extracted
2025-07-19 17:17:39.744 [main] DEBUG org.dmsextension.paperless.client.PaperlessClient$Builder - No url set, trying to build url with protocol, host and port
2025-07-19 17:17:39.745 [main] DEBUG org.dmsextension.paperless.client.PaperlessClient$Builder - Built url: http://ilostthegame:8000/api/
2025-07-19 17:17:39.750 [main] DEBUG org.dmsextension.paperless.client.PaperlessClient - Calling api with given endpoint and body
2025-07-19 17:17:39.750 [main] DEBUG com.github.jknack.handlebars.internal.HbsParserFactory - About to parse: inline@44992cc3
2025-07-19 17:17:39.751 [main] DEBUG com.github.jknack.handlebars.internal.HbsParserFactory - Building AST
2025-07-19 17:17:39.751 [main] DEBUG com.github.jknack.handlebars.internal.HbsParserFactory - Creating templates
2025-07-19 17:17:39.752 [main] INFO  org.dmsextension.paperless.client.endpoints.PaperlessEndpoint - No query given to this endpoint
2025-07-19 17:17:39.814 [main] DEBUG org.dmsextension.paperless.client.PaperlessClient - Api call successful, parsing response
2025-07-19 17:17:39.840 [main] DEBUG org.dmsextension.paperless.client.PaperlessClient$Builder - No url set, trying to build url with protocol, host and port
2025-07-19 17:17:39.840 [main] INFO  org.dmsextension.paperless.client.PaperlessClient$Builder - Missing values for building paperless client
2025-07-19 17:17:39.841 [main] DEBUG org.dmsextension.paperless.client.PaperlessClient$Builder - No url set, trying to build url with protocol, host and port
2025-07-19 17:17:39.841 [main] DEBUG org.dmsextension.paperless.client.PaperlessClient$Builder - Built url: http://ilostthegame:8000/api/
2025-07-19 17:17:39.845 [main] DEBUG org.dmsextension.paperless.client.PaperlessClient$Builder - No url set, trying to build url with protocol, host and port
2025-07-19 17:17:39.846 [main] DEBUG org.dmsextension.paperless.client.PaperlessClient$Builder - Built url: http://ilostthegame:8000/api/
2025-07-19 17:17:39.847 [main] DEBUG org.dmsextension.paperless.client.PaperlessClient - Uploading file C:\Users\gerri\Desktop\King of Ordners\2024_Ausbildungszeugnis.pdf to paperless
2025-07-19 17:17:39.848 [main] DEBUG org.dmsextension.paperless.client.PaperlessClient - Built endpoint and template
2025-07-19 17:17:39.856 [main] DEBUG org.dmsextension.paperless.client.PaperlessClient - Built request, executing
2025-07-19 17:17:39.950 [main] DEBUG org.dmsextension.paperless.client.PaperlessClient - Request successful, uploaded document, guid: "047f8dd9-fc1c-45c2-8093-e86624a9d0ca"
2025-07-19 17:17:39.953 [main] DEBUG org.dmsextension.paperless.client.PaperlessClient$Builder - No url set, trying to build url with protocol, host and port
2025-07-19 17:17:39.954 [main] DEBUG org.dmsextension.paperless.client.PaperlessClient$Builder - Built url: http://ilostthegame:8000/api/
2025-07-19 17:17:39.957 [main] DEBUG com.github.jknack.handlebars.internal.HbsParserFactory - About to parse: inline@26d838bc
2025-07-19 17:17:39.957 [main] DEBUG com.github.jknack.handlebars.internal.HbsParserFactory - Building AST
2025-07-19 17:17:39.959 [main] DEBUG com.github.jknack.handlebars.internal.HbsParserFactory - Creating templates
2025-07-19 17:17:39.959 [main] INFO  org.dmsextension.paperless.client.endpoints.PaperlessEndpoint - No query given to this endpoint
2025-07-19 17:17:40.070 [main] DEBUG org.dmsextension.paperless.client.PaperlessClient - Request successful, parsing response
2025-07-19 17:17:40.071 [main] DEBUG org.dmsextension.paperless.client.endpoints.DocumentDownloadEndpoint - Parsing reponse
2025-07-19 17:17:40.071 [main] DEBUG org.dmsextension.paperless.client.endpoints.DocumentDownloadEndpoint - Extracting file from input stream
2025-07-19 17:17:40.119 [main] DEBUG org.dmsextension.paperless.client.endpoints.DocumentDownloadEndpoint - File extracted
2025-07-19 17:20:16.605 [main] DEBUG org.dmsextension.paperless.client.PaperlessClient$Builder - No url set, trying to build url with protocol, host and port
2025-07-19 17:20:16.609 [main] DEBUG org.dmsextension.paperless.client.PaperlessClient$Builder - Built url: http://ilostthegame:8000/api/
2025-07-19 17:20:16.977 [main] DEBUG org.dmsextension.paperless.client.PaperlessClient - Calling api with given endpoint and body
2025-07-19 17:20:17.653 [main] DEBUG org.dmsextension.paperless.client.PaperlessInterceptor - Request successful, getting token for user sysuser
2025-07-19 17:20:17.822 [main] DEBUG org.dmsextension.paperless.client.PaperlessClient - Api call successful, parsing response
2025-07-19 17:20:17.873 [main] DEBUG org.dmsextension.paperless.client.PaperlessClient$Builder - No url set, trying to build url with protocol, host and port
2025-07-19 17:20:17.874 [main] DEBUG org.dmsextension.paperless.client.PaperlessClient$Builder - Built url: http://ilostthegame:8000/api/
2025-07-19 17:20:17.907 [main] DEBUG org.dmsextension.paperless.client.PaperlessClient - Calling api with given endpoint and body
2025-07-19 17:20:17.917 [main] DEBUG com.github.jknack.handlebars.internal.HbsParserFactory - About to parse: inline@26d838bc
2025-07-19 17:20:17.985 [main] DEBUG com.github.jknack.handlebars.internal.HbsParserFactory - Building AST
2025-07-19 17:20:17.997 [main] DEBUG com.github.jknack.handlebars.internal.HbsParserFactory - Creating templates
2025-07-19 17:20:18.016 [main] INFO  org.dmsextension.paperless.client.endpoints.PaperlessEndpoint - No query given to this endpoint
2025-07-19 17:20:18.119 [main] DEBUG org.dmsextension.paperless.client.PaperlessClient - Api call successful, parsing response
2025-07-19 17:20:18.119 [main] DEBUG org.dmsextension.paperless.client.endpoints.DocumentDownloadEndpoint - Parsing reponse
2025-07-19 17:20:18.126 [main] DEBUG org.dmsextension.paperless.client.endpoints.DocumentDownloadEndpoint - Extracting file from input stream
2025-07-19 17:20:18.182 [main] DEBUG org.dmsextension.paperless.client.endpoints.DocumentDownloadEndpoint - File extracted
2025-07-19 17:20:18.185 [main] DEBUG org.dmsextension.paperless.client.PaperlessClient$Builder - No url set, trying to build url with protocol, host and port
2025-07-19 17:20:18.185 [main] DEBUG org.dmsextension.paperless.client.PaperlessClient$Builder - Built url: http://ilostthegame:8000/api/
2025-07-19 17:20:18.189 [main] DEBUG org.dmsextension.paperless.client.PaperlessClient - Calling api with given endpoint and body
2025-07-19 17:20:18.190 [main] DEBUG com.github.jknack.handlebars.internal.HbsParserFactory - About to parse: inline@44992cc3
2025-07-19 17:20:18.191 [main] DEBUG com.github.jknack.handlebars.internal.HbsParserFactory - Building AST
2025-07-19 17:20:18.191 [main] DEBUG com.github.jknack.handlebars.internal.HbsParserFactory - Creating templates
2025-07-19 17:20:18.192 [main] INFO  org.dmsextension.paperless.client.endpoints.PaperlessEndpoint - No query given to this endpoint
2025-07-19 17:20:18.270 [main] DEBUG org.dmsextension.paperless.client.PaperlessClient - Api call successful, parsing response
2025-07-19 17:20:18.285 [main] DEBUG org.dmsextension.paperless.client.PaperlessClient$Builder - No url set, trying to build url with protocol, host and port
2025-07-19 17:20:18.285 [main] INFO  org.dmsextension.paperless.client.PaperlessClient$Builder - Missing values for building paperless client
2025-07-19 17:20:18.286 [main] DEBUG org.dmsextension.paperless.client.PaperlessClient$Builder - No url set, trying to build url with protocol, host and port
2025-07-19 17:20:18.286 [main] DEBUG org.dmsextension.paperless.client.PaperlessClient$Builder - Built url: http://ilostthegame:8000/api/
2025-07-19 17:20:18.290 [main] DEBUG org.dmsextension.paperless.client.PaperlessClient$Builder - No url set, trying to build url with protocol, host and port
2025-07-19 17:20:18.290 [main] DEBUG org.dmsextension.paperless.client.PaperlessClient$Builder - Built url: http://ilostthegame:8000/api/
2025-07-19 17:20:18.292 [main] DEBUG org.dmsextension.paperless.client.PaperlessClient - Uploading file C:\Users\gerri\Desktop\King of Ordners\2024_Ausbildungszeugnis.pdf to paperless
2025-07-19 17:20:18.292 [main] DEBUG org.dmsextension.paperless.client.PaperlessClient - Built endpoint and template
2025-07-19 17:20:18.301 [main] DEBUG org.dmsextension.paperless.client.PaperlessClient - Built request, executing
2025-07-19 17:20:18.386 [main] DEBUG org.dmsextension.paperless.client.PaperlessClient - Request successful, uploaded document, guid: "1bd007db-be1a-4214-8d03-b0039a5a48fa"
2025-07-19 17:20:18.390 [main] DEBUG org.dmsextension.paperless.client.PaperlessClient$Builder - No url set, trying to build url with protocol, host and port
2025-07-19 17:20:18.390 [main] DEBUG org.dmsextension.paperless.client.PaperlessClient$Builder - Built url: http://ilostthegame:8000/api/
2025-07-19 17:20:18.394 [main] DEBUG com.github.jknack.handlebars.internal.HbsParserFactory - About to parse: inline@26d838bc
2025-07-19 17:20:18.395 [main] DEBUG com.github.jknack.handlebars.internal.HbsParserFactory - Building AST
2025-07-19 17:20:18.396 [main] DEBUG com.github.jknack.handlebars.internal.HbsParserFactory - Creating templates
2025-07-19 17:20:18.396 [main] INFO  org.dmsextension.paperless.client.endpoints.PaperlessEndpoint - No query given to this endpoint
2025-07-19 17:20:18.511 [main] DEBUG org.dmsextension.paperless.client.PaperlessClient - Request successful, parsing response
2025-07-19 17:20:18.511 [main] DEBUG org.dmsextension.paperless.client.endpoints.DocumentDownloadEndpoint - Parsing reponse
2025-07-19 17:20:18.512 [main] DEBUG org.dmsextension.paperless.client.endpoints.DocumentDownloadEndpoint - Extracting file from input stream
2025-07-19 17:20:18.558 [main] DEBUG org.dmsextension.paperless.client.endpoints.DocumentDownloadEndpoint - File extracted
